{"/Users/benjaminwilliams/_stylish_nanobanana/Stylish/types.ts": {"path":"/Users/benjaminwilliams/_stylish_nanobanana/Stylish/types.ts","statementMap":{"0":{"start":{"line":14,"column":7},"end":{"line":14,"column":null}},"1":{"start":{"line":15,"column":2},"end":{"line":15,"column":null}},"2":{"start":{"line":16,"column":2},"end":{"line":16,"column":null}},"3":{"start":{"line":14,"column":12},"end":{"line":14,"column":null}}},"fnMap":{"0":{"name":"(anonymous_0)","decl":{"start":{"line":14,"column":7},"end":{"line":14,"column":12}},"loc":{"start":{"line":14,"column":7},"end":{"line":14,"column":null}},"line":14}},"branchMap":{"0":{"loc":{"start":{"line":14,"column":12},"end":{"line":14,"column":null}},"type":"binary-expr","locations":[{"start":{"line":14,"column":12},"end":{"line":14,"column":null}},{"start":{"line":14,"column":12},"end":{"line":14,"column":null}}],"line":14}},"s":{"0":1,"1":1,"2":1,"3":1},"f":{"0":1},"b":{"0":[1,1]},"meta":{"lastBranch":1,"lastFunction":1,"lastStatement":4,"seen":{"s:14:7:14:Infinity":0,"f:14:7:14:12":0,"s:15:2:15:Infinity":1,"s:16:2:16:Infinity":2,"s:14:12:14:Infinity":3,"b:14:12:14:Infinity:14:12:14:Infinity":0}}}
,"/Users/benjaminwilliams/_stylish_nanobanana/Stylish/src/core/errors.ts": {"path":"/Users/benjaminwilliams/_stylish_nanobanana/Stylish/src/core/errors.ts","statementMap":{"0":{"start":{"line":9,"column":7},"end":{"line":9,"column":null}},"1":{"start":{"line":11,"column":4},"end":{"line":11,"column":null}},"2":{"start":{"line":13,"column":4},"end":{"line":13,"column":null}},"3":{"start":{"line":15,"column":4},"end":{"line":15,"column":null}},"4":{"start":{"line":17,"column":4},"end":{"line":17,"column":null}},"5":{"start":{"line":19,"column":4},"end":{"line":19,"column":null}},"6":{"start":{"line":21,"column":4},"end":{"line":21,"column":null}},"7":{"start":{"line":23,"column":4},"end":{"line":23,"column":null}},"8":{"start":{"line":9,"column":12},"end":{"line":9,"column":null}},"9":{"start":{"line":47,"column":82},"end":{"line":76,"column":null}},"10":{"start":{"line":81,"column":31},"end":{"line":139,"column":null}},"11":{"start":{"line":82,"column":20},"end":{"line":82,"column":null}},"12":{"start":{"line":83,"column":17},"end":{"line":83,"column":null}},"13":{"start":{"line":86,"column":4},"end":{"line":93,"column":null}},"14":{"start":{"line":92,"column":8},"end":{"line":92,"column":null}},"15":{"start":{"line":96,"column":4},"end":{"line":98,"column":null}},"16":{"start":{"line":97,"column":8},"end":{"line":97,"column":null}},"17":{"start":{"line":101,"column":4},"end":{"line":109,"column":null}},"18":{"start":{"line":108,"column":8},"end":{"line":108,"column":null}},"19":{"start":{"line":112,"column":4},"end":{"line":119,"column":null}},"20":{"start":{"line":118,"column":8},"end":{"line":118,"column":null}},"21":{"start":{"line":122,"column":4},"end":{"line":124,"column":null}},"22":{"start":{"line":123,"column":8},"end":{"line":123,"column":null}},"23":{"start":{"line":127,"column":4},"end":{"line":135,"column":null}},"24":{"start":{"line":134,"column":8},"end":{"line":134,"column":null}},"25":{"start":{"line":138,"column":4},"end":{"line":138,"column":null}},"26":{"start":{"line":144,"column":31},"end":{"line":160,"column":null}},"27":{"start":{"line":150,"column":21},"end":{"line":150,"column":null}},"28":{"start":{"line":152,"column":4},"end":{"line":159,"column":null}},"29":{"start":{"line":165,"column":38},"end":{"line":172,"column":null}},"30":{"start":{"line":166,"column":4},"end":{"line":168,"column":null}},"31":{"start":{"line":167,"column":8},"end":{"line":167,"column":null}},"32":{"start":{"line":170,"column":24},"end":{"line":170,"column":null}},"33":{"start":{"line":171,"column":4},"end":{"line":171,"column":null}},"34":{"start":{"line":177,"column":32},"end":{"line":183,"column":null}},"35":{"start":{"line":178,"column":4},"end":{"line":180,"column":null}},"36":{"start":{"line":179,"column":8},"end":{"line":179,"column":null}},"37":{"start":{"line":182,"column":4},"end":{"line":182,"column":null}},"38":{"start":{"line":204,"column":8},"end":{"line":204,"column":null}},"39":{"start":{"line":205,"column":8},"end":{"line":205,"column":null}},"40":{"start":{"line":206,"column":8},"end":{"line":206,"column":null}},"41":{"start":{"line":207,"column":8},"end":{"line":207,"column":null}},"42":{"start":{"line":208,"column":8},"end":{"line":208,"column":null}},"43":{"start":{"line":209,"column":8},"end":{"line":209,"column":null}}},"fnMap":{"0":{"name":"(anonymous_0)","decl":{"start":{"line":9,"column":7},"end":{"line":9,"column":12}},"loc":{"start":{"line":9,"column":7},"end":{"line":9,"column":null}},"line":9},"1":{"name":"(anonymous_1)","decl":{"start":{"line":81,"column":31},"end":{"line":81,"column":32}},"loc":{"start":{"line":81,"column":67},"end":{"line":139,"column":null}},"line":81},"2":{"name":"(anonymous_2)","decl":{"start":{"line":144,"column":31},"end":{"line":144,"column":null}},"loc":{"start":{"line":149,"column":23},"end":{"line":160,"column":null}},"line":149},"3":{"name":"(anonymous_3)","decl":{"start":{"line":165,"column":38},"end":{"line":165,"column":39}},"loc":{"start":{"line":165,"column":83},"end":{"line":172,"column":null}},"line":165},"4":{"name":"(anonymous_4)","decl":{"start":{"line":177,"column":32},"end":{"line":177,"column":33}},"loc":{"start":{"line":177,"column":78},"end":{"line":183,"column":null}},"line":177},"5":{"name":"(anonymous_5)","decl":{"start":{"line":194,"column":4},"end":{"line":194,"column":null}},"loc":{"start":{"line":203,"column":6},"end":{"line":210,"column":null}},"line":203}},"branchMap":{"0":{"loc":{"start":{"line":9,"column":12},"end":{"line":9,"column":null}},"type":"binary-expr","locations":[{"start":{"line":9,"column":12},"end":{"line":9,"column":null}},{"start":{"line":9,"column":12},"end":{"line":9,"column":null}}],"line":9},"1":{"loc":{"start":{"line":86,"column":4},"end":{"line":93,"column":null}},"type":"if","locations":[{"start":{"line":86,"column":4},"end":{"line":93,"column":null}},{"start":{},"end":{}}],"line":86},"2":{"loc":{"start":{"line":87,"column":8},"end":{"line":90,"column":null}},"type":"binary-expr","locations":[{"start":{"line":87,"column":8},"end":{"line":87,"column":null}},{"start":{"line":88,"column":8},"end":{"line":88,"column":null}},{"start":{"line":89,"column":8},"end":{"line":89,"column":null}},{"start":{"line":90,"column":9},"end":{"line":90,"column":40}},{"start":{"line":90,"column":40},"end":{"line":90,"column":null}}],"line":87},"3":{"loc":{"start":{"line":96,"column":4},"end":{"line":98,"column":null}},"type":"if","locations":[{"start":{"line":96,"column":4},"end":{"line":98,"column":null}},{"start":{},"end":{}}],"line":96},"4":{"loc":{"start":{"line":96,"column":8},"end":{"line":96,"column":125}},"type":"binary-expr","locations":[{"start":{"line":96,"column":8},"end":{"line":96,"column":35}},{"start":{"line":96,"column":35},"end":{"line":96,"column":70}},{"start":{"line":96,"column":70},"end":{"line":96,"column":97}},{"start":{"line":96,"column":97},"end":{"line":96,"column":125}}],"line":96},"5":{"loc":{"start":{"line":101,"column":4},"end":{"line":109,"column":null}},"type":"if","locations":[{"start":{"line":101,"column":4},"end":{"line":109,"column":null}},{"start":{},"end":{}}],"line":101},"6":{"loc":{"start":{"line":102,"column":8},"end":{"line":106,"column":null}},"type":"binary-expr","locations":[{"start":{"line":102,"column":8},"end":{"line":102,"column":null}},{"start":{"line":103,"column":8},"end":{"line":103,"column":null}},{"start":{"line":104,"column":8},"end":{"line":104,"column":null}},{"start":{"line":105,"column":8},"end":{"line":105,"column":null}},{"start":{"line":106,"column":8},"end":{"line":106,"column":32}},{"start":{"line":106,"column":32},"end":{"line":106,"column":null}}],"line":102},"7":{"loc":{"start":{"line":112,"column":4},"end":{"line":119,"column":null}},"type":"if","locations":[{"start":{"line":112,"column":4},"end":{"line":119,"column":null}},{"start":{},"end":{}}],"line":112},"8":{"loc":{"start":{"line":113,"column":8},"end":{"line":116,"column":null}},"type":"binary-expr","locations":[{"start":{"line":113,"column":8},"end":{"line":113,"column":null}},{"start":{"line":114,"column":8},"end":{"line":114,"column":null}},{"start":{"line":115,"column":8},"end":{"line":115,"column":null}},{"start":{"line":116,"column":8},"end":{"line":116,"column":null}}],"line":113},"9":{"loc":{"start":{"line":122,"column":4},"end":{"line":124,"column":null}},"type":"if","locations":[{"start":{"line":122,"column":4},"end":{"line":124,"column":null}},{"start":{},"end":{}}],"line":122},"10":{"loc":{"start":{"line":122,"column":8},"end":{"line":122,"column":101}},"type":"binary-expr","locations":[{"start":{"line":122,"column":8},"end":{"line":122,"column":38}},{"start":{"line":122,"column":38},"end":{"line":122,"column":72}},{"start":{"line":122,"column":72},"end":{"line":122,"column":101}}],"line":122},"11":{"loc":{"start":{"line":127,"column":4},"end":{"line":135,"column":null}},"type":"if","locations":[{"start":{"line":127,"column":4},"end":{"line":135,"column":null}},{"start":{},"end":{}}],"line":127},"12":{"loc":{"start":{"line":128,"column":8},"end":{"line":132,"column":null}},"type":"binary-expr","locations":[{"start":{"line":128,"column":8},"end":{"line":128,"column":null}},{"start":{"line":129,"column":8},"end":{"line":129,"column":null}},{"start":{"line":130,"column":8},"end":{"line":130,"column":null}},{"start":{"line":131,"column":8},"end":{"line":131,"column":null}},{"start":{"line":132,"column":8},"end":{"line":132,"column":null}}],"line":128},"13":{"loc":{"start":{"line":166,"column":4},"end":{"line":168,"column":null}},"type":"if","locations":[{"start":{"line":166,"column":4},"end":{"line":168,"column":null}},{"start":{},"end":{}}],"line":166},"14":{"loc":{"start":{"line":167,"column":36},"end":{"line":167,"column":58}},"type":"binary-expr","locations":[{"start":{"line":167,"column":36},"end":{"line":167,"column":56}},{"start":{"line":167,"column":56},"end":{"line":167,"column":58}}],"line":167},"15":{"loc":{"start":{"line":171,"column":38},"end":{"line":171,"column":66}},"type":"binary-expr","locations":[{"start":{"line":171,"column":38},"end":{"line":171,"column":64}},{"start":{"line":171,"column":64},"end":{"line":171,"column":66}}],"line":171},"16":{"loc":{"start":{"line":178,"column":4},"end":{"line":180,"column":null}},"type":"if","locations":[{"start":{"line":178,"column":4},"end":{"line":180,"column":null}},{"start":{},"end":{}}],"line":178},"17":{"loc":{"start":{"line":196,"column":8},"end":{"line":196,"column":null}},"type":"default-arg","locations":[{"start":{"line":196,"column":34},"end":{"line":196,"column":null}}],"line":196},"18":{"loc":{"start":{"line":197,"column":8},"end":{"line":202,"column":null}},"type":"default-arg","locations":[{"start":{"line":202,"column":12},"end":{"line":202,"column":null}}],"line":197},"19":{"loc":{"start":{"line":207,"column":25},"end":{"line":207,"column":null}},"type":"binary-expr","locations":[{"start":{"line":207,"column":25},"end":{"line":207,"column":46}},{"start":{"line":207,"column":46},"end":{"line":207,"column":null}}],"line":207},"20":{"loc":{"start":{"line":209,"column":26},"end":{"line":209,"column":null}},"type":"binary-expr","locations":[{"start":{"line":209,"column":26},"end":{"line":209,"column":48}},{"start":{"line":209,"column":48},"end":{"line":209,"column":null}}],"line":209}},"s":{"0":2,"1":2,"2":2,"3":2,"4":2,"5":2,"6":2,"7":2,"8":2,"9":2,"10":2,"11":62,"12":62,"13":62,"14":1,"15":61,"16":3,"17":58,"18":5,"19":53,"20":3,"21":50,"22":2,"23":48,"24":2,"25":46,"26":2,"27":62,"28":62,"29":2,"30":25,"31":1,"32":24,"33":24,"34":2,"35":4,"36":2,"37":2,"38":3,"39":3,"40":3,"41":3,"42":3,"43":3},"f":{"0":2,"1":62,"2":62,"3":25,"4":4,"5":3},"b":{"0":[2,2],"1":[1,61],"2":[62,61,61,61,0],"3":[3,58],"4":[61,59,59,2],"5":[5,53],"6":[58,54,54,54,53,0],"7":[3,50],"8":[53,50,50,50],"9":[2,48],"10":[50,49,48],"11":[2,46],"12":[48,47,47,46,46],"13":[1,24],"14":[1,0],"15":[24,0],"16":[2,2],"17":[3],"18":[3],"19":[3,2],"20":[3,2]},"meta":{"lastBranch":21,"lastFunction":6,"lastStatement":44,"seen":{"s:9:7:9:Infinity":0,"f:9:7:9:12":0,"s:11:4:11:Infinity":1,"s:13:4:13:Infinity":2,"s:15:4:15:Infinity":3,"s:17:4:17:Infinity":4,"s:19:4:19:Infinity":5,"s:21:4:21:Infinity":6,"s:23:4:23:Infinity":7,"s:9:12:9:Infinity":8,"b:9:12:9:Infinity:9:12:9:Infinity":0,"s:47:82:76:Infinity":9,"s:81:31:139:Infinity":10,"f:81:31:81:32":1,"s:82:20:82:Infinity":11,"s:83:17:83:Infinity":12,"b:86:4:93:Infinity:undefined:undefined:undefined:undefined":1,"s:86:4:93:Infinity":13,"b:87:8:87:Infinity:88:8:88:Infinity:89:8:89:Infinity:90:9:90:40:90:40:90:Infinity":2,"s:92:8:92:Infinity":14,"b:96:4:98:Infinity:undefined:undefined:undefined:undefined":3,"s:96:4:98:Infinity":15,"b:96:8:96:35:96:35:96:70:96:70:96:97:96:97:96:125":4,"s:97:8:97:Infinity":16,"b:101:4:109:Infinity:undefined:undefined:undefined:undefined":5,"s:101:4:109:Infinity":17,"b:102:8:102:Infinity:103:8:103:Infinity:104:8:104:Infinity:105:8:105:Infinity:106:8:106:32:106:32:106:Infinity":6,"s:108:8:108:Infinity":18,"b:112:4:119:Infinity:undefined:undefined:undefined:undefined":7,"s:112:4:119:Infinity":19,"b:113:8:113:Infinity:114:8:114:Infinity:115:8:115:Infinity:116:8:116:Infinity":8,"s:118:8:118:Infinity":20,"b:122:4:124:Infinity:undefined:undefined:undefined:undefined":9,"s:122:4:124:Infinity":21,"b:122:8:122:38:122:38:122:72:122:72:122:101":10,"s:123:8:123:Infinity":22,"b:127:4:135:Infinity:undefined:undefined:undefined:undefined":11,"s:127:4:135:Infinity":23,"b:128:8:128:Infinity:129:8:129:Infinity:130:8:130:Infinity:131:8:131:Infinity:132:8:132:Infinity":12,"s:134:8:134:Infinity":24,"s:138:4:138:Infinity":25,"s:144:31:160:Infinity":26,"f:144:31:144:Infinity":2,"s:150:21:150:Infinity":27,"s:152:4:159:Infinity":28,"s:165:38:172:Infinity":29,"f:165:38:165:39":3,"b:166:4:168:Infinity:undefined:undefined:undefined:undefined":13,"s:166:4:168:Infinity":30,"s:167:8:167:Infinity":31,"b:167:36:167:56:167:56:167:58":14,"s:170:24:170:Infinity":32,"s:171:4:171:Infinity":33,"b:171:38:171:64:171:64:171:66":15,"s:177:32:183:Infinity":34,"f:177:32:177:33":4,"b:178:4:180:Infinity:undefined:undefined:undefined:undefined":16,"s:178:4:180:Infinity":35,"s:179:8:179:Infinity":36,"s:182:4:182:Infinity":37,"f:194:4:194:Infinity":5,"b:196:34:196:Infinity":17,"b:202:12:202:Infinity":18,"s:204:8:204:Infinity":38,"s:205:8:205:Infinity":39,"s:206:8:206:Infinity":40,"s:207:8:207:Infinity":41,"b:207:25:207:46:207:46:207:Infinity":19,"s:208:8:208:Infinity":42,"s:209:8:209:Infinity":43,"b:209:26:209:48:209:48:209:Infinity":20}}}
,"/Users/benjaminwilliams/_stylish_nanobanana/Stylish/src/core/image-compression.ts": {"path":"/Users/benjaminwilliams/_stylish_nanobanana/Stylish/src/core/image-compression.ts","statementMap":{"0":{"start":{"line":39,"column":54},"end":{"line":45,"column":null}},"1":{"start":{"line":58,"column":22},"end":{"line":58,"column":null}},"2":{"start":{"line":59,"column":25},"end":{"line":59,"column":null}},"3":{"start":{"line":61,"column":26},"end":{"line":61,"column":null}},"4":{"start":{"line":63,"column":4},"end":{"line":88,"column":null}},"5":{"start":{"line":64,"column":31},"end":{"line":70,"column":null}},"6":{"start":{"line":72,"column":23},"end":{"line":72,"column":null}},"7":{"start":{"line":73,"column":34},"end":{"line":73,"column":null}},"8":{"start":{"line":75,"column":8},"end":{"line":82,"column":null}},"9":{"start":{"line":84,"column":8},"end":{"line":87,"column":null}},"10":{"start":{"line":104,"column":17},"end":{"line":104,"column":null}},"11":{"start":{"line":105,"column":4},"end":{"line":105,"column":null}},"12":{"start":{"line":115,"column":4},"end":{"line":125,"column":null}},"13":{"start":{"line":116,"column":23},"end":{"line":116,"column":null}},"14":{"start":{"line":117,"column":8},"end":{"line":120,"column":null}},"15":{"start":{"line":118,"column":27},"end":{"line":118,"column":null}},"16":{"start":{"line":119,"column":12},"end":{"line":119,"column":null}},"17":{"start":{"line":121,"column":8},"end":{"line":123,"column":null}},"18":{"start":{"line":122,"column":12},"end":{"line":122,"column":null}},"19":{"start":{"line":124,"column":8},"end":{"line":124,"column":null}},"20":{"start":{"line":137,"column":18},"end":{"line":137,"column":null}},"21":{"start":{"line":138,"column":4},"end":{"line":141,"column":null}},"22":{"start":{"line":140,"column":8},"end":{"line":140,"column":null}},"23":{"start":{"line":143,"column":4},"end":{"line":153,"column":null}},"24":{"start":{"line":144,"column":25},"end":{"line":144,"column":null}},"25":{"start":{"line":145,"column":21},"end":{"line":145,"column":null}},"26":{"start":{"line":146,"column":25},"end":{"line":146,"column":null}},"27":{"start":{"line":147,"column":8},"end":{"line":147,"column":null}},"28":{"start":{"line":149,"column":8},"end":{"line":152,"column":null}},"29":{"start":{"line":163,"column":18},"end":{"line":163,"column":null}},"30":{"start":{"line":164,"column":4},"end":{"line":166,"column":null}},"31":{"start":{"line":165,"column":8},"end":{"line":165,"column":null}},"32":{"start":{"line":168,"column":4},"end":{"line":168,"column":null}},"33":{"start":{"line":178,"column":18},"end":{"line":178,"column":null}},"34":{"start":{"line":179,"column":4},"end":{"line":179,"column":null}},"35":{"start":{"line":189,"column":22},"end":{"line":189,"column":null}},"36":{"start":{"line":192,"column":10},"end":{"line":192,"column":null}},"37":{"start":{"line":193,"column":4},"end":{"line":193,"column":null}},"38":{"start":{"line":204,"column":4},"end":{"line":204,"column":null}},"39":{"start":{"line":218,"column":4},"end":{"line":222,"column":null}},"40":{"start":{"line":232,"column":8},"end":{"line":232,"column":null}},"41":{"start":{"line":233,"column":8},"end":{"line":233,"column":null}},"42":{"start":{"line":234,"column":8},"end":{"line":234,"column":null}},"43":{"start":{"line":241,"column":34},"end":{"line":276,"column":null}}},"fnMap":{"0":{"name":"compressImage","decl":{"start":{"line":54,"column":22},"end":{"line":54,"column":null}},"loc":{"start":{"line":57,"column":30},"end":{"line":89,"column":null}},"line":57},"1":{"name":"compressBase64Image","decl":{"start":{"line":99,"column":22},"end":{"line":99,"column":null}},"loc":{"start":{"line":103,"column":30},"end":{"line":106,"column":null}},"line":103},"2":{"name":"fileToBase64","decl":{"start":{"line":114,"column":16},"end":{"line":114,"column":29}},"loc":{"start":{"line":114,"column":58},"end":{"line":126,"column":null}},"line":114},"3":{"name":"(anonymous_3)","decl":{"start":{"line":115,"column":23},"end":{"line":115,"column":24}},"loc":{"start":{"line":115,"column":44},"end":{"line":125,"column":5}},"line":115},"4":{"name":"(anonymous_4)","decl":{"start":{"line":117,"column":24},"end":{"line":117,"column":30}},"loc":{"start":{"line":117,"column":30},"end":{"line":120,"column":null}},"line":117},"5":{"name":"(anonymous_5)","decl":{"start":{"line":121,"column":25},"end":{"line":121,"column":31}},"loc":{"start":{"line":121,"column":31},"end":{"line":123,"column":null}},"line":121},"6":{"name":"base64ToFile","decl":{"start":{"line":135,"column":22},"end":{"line":135,"column":35}},"loc":{"start":{"line":135,"column":84},"end":{"line":154,"column":null}},"line":135},"7":{"name":"extractBase64Data","decl":{"start":{"line":162,"column":16},"end":{"line":162,"column":34}},"loc":{"start":{"line":162,"column":59},"end":{"line":169,"column":null}},"line":162},"8":{"name":"getMimeType","decl":{"start":{"line":177,"column":16},"end":{"line":177,"column":28}},"loc":{"start":{"line":177,"column":60},"end":{"line":180,"column":null}},"line":177},"9":{"name":"calculateBase64Size","decl":{"start":{"line":188,"column":16},"end":{"line":188,"column":36}},"loc":{"start":{"line":188,"column":60},"end":{"line":194,"column":null}},"line":188},"10":{"name":"shouldCompress","decl":{"start":{"line":203,"column":16},"end":{"line":203,"column":31}},"loc":{"start":{"line":203,"column":79},"end":{"line":205,"column":null}},"line":203},"11":{"name":"createThumbnail","decl":{"start":{"line":214,"column":22},"end":{"line":214,"column":null}},"loc":{"start":{"line":217,"column":30},"end":{"line":223,"column":null}},"line":217},"12":{"name":"(anonymous_12)","decl":{"start":{"line":231,"column":4},"end":{"line":231,"column":16}},"loc":{"start":{"line":231,"column":50},"end":{"line":235,"column":null}},"line":231}},"branchMap":{"0":{"loc":{"start":{"line":56,"column":4},"end":{"line":56,"column":null}},"type":"default-arg","locations":[{"start":{"line":56,"column":34},"end":{"line":56,"column":null}}],"line":56},"1":{"loc":{"start":{"line":85,"column":41},"end":{"line":85,"column":97}},"type":"cond-expr","locations":[{"start":{"line":85,"column":66},"end":{"line":85,"column":82}},{"start":{"line":85,"column":82},"end":{"line":85,"column":97}}],"line":85},"2":{"loc":{"start":{"line":101,"column":4},"end":{"line":101,"column":null}},"type":"default-arg","locations":[{"start":{"line":101,"column":23},"end":{"line":101,"column":null}}],"line":101},"3":{"loc":{"start":{"line":102,"column":4},"end":{"line":102,"column":null}},"type":"default-arg","locations":[{"start":{"line":102,"column":34},"end":{"line":102,"column":null}}],"line":102},"4":{"loc":{"start":{"line":138,"column":4},"end":{"line":141,"column":null}},"type":"if","locations":[{"start":{"line":138,"column":4},"end":{"line":141,"column":null}},{"start":{},"end":{}}],"line":138},"5":{"loc":{"start":{"line":146,"column":25},"end":{"line":146,"column":null}},"type":"binary-expr","locations":[{"start":{"line":146,"column":25},"end":{"line":146,"column":38}},{"start":{"line":146,"column":38},"end":{"line":146,"column":null}}],"line":146},"6":{"loc":{"start":{"line":164,"column":4},"end":{"line":166,"column":null}},"type":"if","locations":[{"start":{"line":164,"column":4},"end":{"line":166,"column":null}},{"start":{},"end":{}}],"line":164},"7":{"loc":{"start":{"line":179,"column":11},"end":{"line":179,"column":null}},"type":"cond-expr","locations":[{"start":{"line":179,"column":19},"end":{"line":179,"column":30}},{"start":{"line":179,"column":30},"end":{"line":179,"column":null}}],"line":179},"8":{"loc":{"start":{"line":192,"column":21},"end":{"line":192,"column":50}},"type":"binary-expr","locations":[{"start":{"line":192,"column":21},"end":{"line":192,"column":46}},{"start":{"line":192,"column":46},"end":{"line":192,"column":50}}],"line":192},"9":{"loc":{"start":{"line":203,"column":43},"end":{"line":203,"column":79}},"type":"default-arg","locations":[{"start":{"line":203,"column":65},"end":{"line":203,"column":79}}],"line":203},"10":{"loc":{"start":{"line":216,"column":4},"end":{"line":216,"column":null}},"type":"default-arg","locations":[{"start":{"line":216,"column":22},"end":{"line":216,"column":null}}],"line":216}},"s":{"0":2,"1":0,"2":0,"3":0,"4":0,"5":0,"6":0,"7":0,"8":0,"9":0,"10":0,"11":0,"12":2,"13":2,"14":2,"15":2,"16":2,"17":2,"18":0,"19":2,"20":2,"21":2,"22":1,"23":2,"24":2,"25":2,"26":2,"27":2,"28":0,"29":14,"30":14,"31":6,"32":8,"33":9,"34":9,"35":8,"36":8,"37":8,"38":6,"39":0,"40":3,"41":3,"42":3,"43":2},"f":{"0":0,"1":0,"2":2,"3":2,"4":2,"5":0,"6":2,"7":14,"8":9,"9":8,"10":6,"11":0,"12":3},"b":{"0":[0],"1":[0,0],"2":[0],"3":[0],"4":[1,1],"5":[2,0],"6":[6,8],"7":[6,3],"8":[8,4],"9":[6],"10":[0]},"meta":{"lastBranch":11,"lastFunction":13,"lastStatement":44,"seen":{"s:39:54:45:Infinity":0,"f:54:22:54:Infinity":0,"b:56:34:56:Infinity":0,"s:58:22:58:Infinity":1,"s:59:25:59:Infinity":2,"s:61:26:61:Infinity":3,"s:63:4:88:Infinity":4,"s:64:31:70:Infinity":5,"s:72:23:72:Infinity":6,"s:73:34:73:Infinity":7,"s:75:8:82:Infinity":8,"s:84:8:87:Infinity":9,"b:85:66:85:82:85:82:85:97":1,"f:99:22:99:Infinity":1,"b:101:23:101:Infinity":2,"b:102:34:102:Infinity":3,"s:104:17:104:Infinity":10,"s:105:4:105:Infinity":11,"f:114:16:114:29":2,"s:115:4:125:Infinity":12,"f:115:23:115:24":3,"s:116:23:116:Infinity":13,"s:117:8:120:Infinity":14,"f:117:24:117:30":4,"s:118:27:118:Infinity":15,"s:119:12:119:Infinity":16,"s:121:8:123:Infinity":17,"f:121:25:121:31":5,"s:122:12:122:Infinity":18,"s:124:8:124:Infinity":19,"f:135:22:135:35":6,"s:137:18:137:Infinity":20,"b:138:4:141:Infinity:undefined:undefined:undefined:undefined":4,"s:138:4:141:Infinity":21,"s:140:8:140:Infinity":22,"s:143:4:153:Infinity":23,"s:144:25:144:Infinity":24,"s:145:21:145:Infinity":25,"s:146:25:146:Infinity":26,"b:146:25:146:38:146:38:146:Infinity":5,"s:147:8:147:Infinity":27,"s:149:8:152:Infinity":28,"f:162:16:162:34":7,"s:163:18:163:Infinity":29,"b:164:4:166:Infinity:undefined:undefined:undefined:undefined":6,"s:164:4:166:Infinity":30,"s:165:8:165:Infinity":31,"s:168:4:168:Infinity":32,"f:177:16:177:28":8,"s:178:18:178:Infinity":33,"s:179:4:179:Infinity":34,"b:179:19:179:30:179:30:179:Infinity":7,"f:188:16:188:36":9,"s:189:22:189:Infinity":35,"s:192:10:192:Infinity":36,"b:192:21:192:46:192:46:192:50":8,"s:193:4:193:Infinity":37,"f:203:16:203:31":10,"b:203:65:203:79":9,"s:204:4:204:Infinity":38,"f:214:22:214:Infinity":11,"b:216:22:216:Infinity":10,"s:218:4:222:Infinity":39,"f:231:4:231:16":12,"s:232:8:232:Infinity":40,"s:233:8:233:Infinity":41,"s:234:8:234:Infinity":42,"s:241:34:276:Infinity":43}}}
,"/Users/benjaminwilliams/_stylish_nanobanana/Stylish/src/core/performance.ts": {"path":"/Users/benjaminwilliams/_stylish_nanobanana/Stylish/src/core/performance.ts","statementMap":{"0":{"start":{"line":44,"column":42},"end":{"line":44,"column":null}},"1":{"start":{"line":49,"column":46},"end":{"line":49,"column":null}},"2":{"start":{"line":54,"column":18},"end":{"line":54,"column":null}},"3":{"start":{"line":60,"column":4},"end":{"line":60,"column":null}},"4":{"start":{"line":70,"column":4},"end":{"line":70,"column":null}},"5":{"start":{"line":71,"column":4},"end":{"line":76,"column":null}},"6":{"start":{"line":72,"column":22},"end":{"line":72,"column":null}},"7":{"start":{"line":73,"column":8},"end":{"line":75,"column":null}},"8":{"start":{"line":74,"column":12},"end":{"line":74,"column":null}},"9":{"start":{"line":93,"column":38},"end":{"line":99,"column":null}},"10":{"start":{"line":101,"column":4},"end":{"line":101,"column":null}},"11":{"start":{"line":104,"column":4},"end":{"line":110,"column":null}},"12":{"start":{"line":105,"column":8},"end":{"line":109,"column":null}},"13":{"start":{"line":106,"column":12},"end":{"line":106,"column":null}},"14":{"start":{"line":108,"column":12},"end":{"line":108,"column":null}},"15":{"start":{"line":113,"column":4},"end":{"line":115,"column":null}},"16":{"start":{"line":114,"column":8},"end":{"line":114,"column":null}},"17":{"start":{"line":124,"column":4},"end":{"line":126,"column":null}},"18":{"start":{"line":125,"column":8},"end":{"line":125,"column":null}},"19":{"start":{"line":137,"column":4},"end":{"line":159,"column":null}},"20":{"start":{"line":138,"column":26},"end":{"line":138,"column":null}},"21":{"start":{"line":139,"column":24},"end":{"line":139,"column":null}},"22":{"start":{"line":141,"column":8},"end":{"line":141,"column":null}},"23":{"start":{"line":143,"column":8},"end":{"line":158,"column":null}},"24":{"start":{"line":144,"column":28},"end":{"line":144,"column":null}},"25":{"start":{"line":145,"column":29},"end":{"line":145,"column":null}},"26":{"start":{"line":147,"column":12},"end":{"line":147,"column":null}},"27":{"start":{"line":150,"column":12},"end":{"line":150,"column":null}},"28":{"start":{"line":151,"column":12},"end":{"line":151,"column":null}},"29":{"start":{"line":152,"column":12},"end":{"line":152,"column":null}},"30":{"start":{"line":154,"column":12},"end":{"line":154,"column":null}},"31":{"start":{"line":157,"column":12},"end":{"line":157,"column":null}},"32":{"start":{"line":160,"column":4},"end":{"line":160,"column":null}},"33":{"start":{"line":176,"column":22},"end":{"line":176,"column":null}},"34":{"start":{"line":178,"column":4},"end":{"line":191,"column":null}},"35":{"start":{"line":179,"column":23},"end":{"line":179,"column":null}},"36":{"start":{"line":180,"column":25},"end":{"line":180,"column":null}},"37":{"start":{"line":181,"column":8},"end":{"line":181,"column":null}},"38":{"start":{"line":182,"column":8},"end":{"line":182,"column":null}},"39":{"start":{"line":184,"column":25},"end":{"line":184,"column":null}},"40":{"start":{"line":185,"column":8},"end":{"line":189,"column":null}},"41":{"start":{"line":190,"column":8},"end":{"line":190,"column":null}},"42":{"start":{"line":207,"column":22},"end":{"line":207,"column":null}},"43":{"start":{"line":209,"column":4},"end":{"line":222,"column":null}},"44":{"start":{"line":210,"column":23},"end":{"line":210,"column":null}},"45":{"start":{"line":211,"column":25},"end":{"line":211,"column":null}},"46":{"start":{"line":212,"column":8},"end":{"line":212,"column":null}},"47":{"start":{"line":213,"column":8},"end":{"line":213,"column":null}},"48":{"start":{"line":215,"column":25},"end":{"line":215,"column":null}},"49":{"start":{"line":216,"column":8},"end":{"line":220,"column":null}},"50":{"start":{"line":221,"column":8},"end":{"line":221,"column":null}},"51":{"start":{"line":231,"column":4},"end":{"line":237,"column":null}},"52":{"start":{"line":244,"column":4},"end":{"line":244,"column":null}},"53":{"start":{"line":252,"column":4},"end":{"line":252,"column":null}},"54":{"start":{"line":252,"column":39},"end":{"line":252,"column":null}},"55":{"start":{"line":255,"column":4},"end":{"line":320,"column":null}},"56":{"start":{"line":257,"column":8},"end":{"line":268,"column":null}},"57":{"start":{"line":258,"column":34},"end":{"line":264,"column":null}},"58":{"start":{"line":259,"column":16},"end":{"line":263,"column":null}},"59":{"start":{"line":260,"column":20},"end":{"line":262,"column":null}},"60":{"start":{"line":261,"column":24},"end":{"line":261,"column":null}},"61":{"start":{"line":265,"column":12},"end":{"line":265,"column":null}},"62":{"start":{"line":271,"column":8},"end":{"line":282,"column":null}},"63":{"start":{"line":272,"column":32},"end":{"line":278,"column":null}},"64":{"start":{"line":273,"column":32},"end":{"line":273,"column":null}},"65":{"start":{"line":274,"column":34},"end":{"line":274,"column":null}},"66":{"start":{"line":275,"column":16},"end":{"line":277,"column":null}},"67":{"start":{"line":276,"column":20},"end":{"line":276,"column":null}},"68":{"start":{"line":279,"column":12},"end":{"line":279,"column":null}},"69":{"start":{"line":285,"column":8},"end":{"line":298,"column":null}},"70":{"start":{"line":286,"column":32},"end":{"line":294,"column":null}},"71":{"start":{"line":287,"column":16},"end":{"line":293,"column":null}},"72":{"start":{"line":289,"column":39},"end":{"line":289,"column":null}},"73":{"start":{"line":290,"column":20},"end":{"line":292,"column":null}},"74":{"start":{"line":291,"column":24},"end":{"line":291,"column":null}},"75":{"start":{"line":295,"column":12},"end":{"line":295,"column":null}},"76":{"start":{"line":301,"column":8},"end":{"line":319,"column":null}},"77":{"start":{"line":302,"column":27},"end":{"line":302,"column":null}},"78":{"start":{"line":303,"column":32},"end":{"line":315,"column":null}},"79":{"start":{"line":304,"column":16},"end":{"line":314,"column":null}},"80":{"start":{"line":306,"column":45},"end":{"line":306,"column":null}},"81":{"start":{"line":310,"column":20},"end":{"line":313,"column":null}},"82":{"start":{"line":311,"column":24},"end":{"line":311,"column":null}},"83":{"start":{"line":312,"column":24},"end":{"line":312,"column":null}},"84":{"start":{"line":316,"column":12},"end":{"line":316,"column":null}},"85":{"start":{"line":323,"column":4},"end":{"line":331,"column":null}},"86":{"start":{"line":324,"column":8},"end":{"line":330,"column":null}},"87":{"start":{"line":325,"column":27},"end":{"line":325,"column":null}},"88":{"start":{"line":326,"column":25},"end":{"line":326,"column":null}},"89":{"start":{"line":327,"column":12},"end":{"line":329,"column":null}},"90":{"start":{"line":328,"column":16},"end":{"line":328,"column":null}},"91":{"start":{"line":337,"column":37},"end":{"line":344,"column":null}},"92":{"start":{"line":357,"column":22},"end":{"line":357,"column":null}},"93":{"start":{"line":358,"column":4},"end":{"line":358,"column":null}},"94":{"start":{"line":358,"column":20},"end":{"line":358,"column":null}},"95":{"start":{"line":360,"column":4},"end":{"line":360,"column":null}},"96":{"start":{"line":360,"column":33},"end":{"line":360,"column":null}},"97":{"start":{"line":361,"column":4},"end":{"line":361,"column":null}},"98":{"start":{"line":361,"column":45},"end":{"line":361,"column":null}},"99":{"start":{"line":362,"column":4},"end":{"line":362,"column":null}},"100":{"start":{"line":376,"column":4},"end":{"line":392,"column":null}},"101":{"start":{"line":377,"column":31},"end":{"line":377,"column":null}},"102":{"start":{"line":385,"column":8},"end":{"line":391,"column":null}},"103":{"start":{"line":386,"column":12},"end":{"line":390,"column":null}},"104":{"start":{"line":393,"column":4},"end":{"line":393,"column":null}},"105":{"start":{"line":403,"column":4},"end":{"line":403,"column":null}},"106":{"start":{"line":403,"column":21},"end":{"line":403,"column":null}},"107":{"start":{"line":405,"column":14},"end":{"line":405,"column":null}},"108":{"start":{"line":406,"column":18},"end":{"line":406,"column":null}},"109":{"start":{"line":407,"column":14},"end":{"line":407,"column":null}},"110":{"start":{"line":409,"column":4},"end":{"line":409,"column":null}}},"fnMap":{"0":{"name":"generateSessionId","decl":{"start":{"line":59,"column":9},"end":{"line":59,"column":37}},"loc":{"start":{"line":59,"column":37},"end":{"line":61,"column":null}},"line":59},"1":{"name":"onMetric","decl":{"start":{"line":69,"column":16},"end":{"line":69,"column":25}},"loc":{"start":{"line":69,"column":63},"end":{"line":77,"column":null}},"line":69},"2":{"name":"(anonymous_2)","decl":{"start":{"line":71,"column":11},"end":{"line":71,"column":17}},"loc":{"start":{"line":71,"column":17},"end":{"line":76,"column":null}},"line":71},"3":{"name":"recordMetric","decl":{"start":{"line":87,"column":16},"end":{"line":87,"column":null}},"loc":{"start":{"line":92,"column":8},"end":{"line":116,"column":null}},"line":92},"4":{"name":"(anonymous_4)","decl":{"start":{"line":104,"column":28},"end":{"line":104,"column":40}},"loc":{"start":{"line":104,"column":40},"end":{"line":110,"column":5}},"line":104},"5":{"name":"markStart","decl":{"start":{"line":123,"column":16},"end":{"line":123,"column":26}},"loc":{"start":{"line":123,"column":50},"end":{"line":127,"column":null}},"line":123},"6":{"name":"markEnd","decl":{"start":{"line":136,"column":16},"end":{"line":136,"column":24}},"loc":{"start":{"line":136,"column":86},"end":{"line":161,"column":null}},"line":136},"7":{"name":"measureAsync","decl":{"start":{"line":171,"column":22},"end":{"line":171,"column":null}},"loc":{"start":{"line":175,"column":14},"end":{"line":192,"column":null}},"line":175},"8":{"name":"measureSync","decl":{"start":{"line":202,"column":16},"end":{"line":202,"column":null}},"loc":{"start":{"line":206,"column":5},"end":{"line":223,"column":null}},"line":206},"9":{"name":"getPerformanceReport","decl":{"start":{"line":230,"column":16},"end":{"line":230,"column":58}},"loc":{"start":{"line":230,"column":58},"end":{"line":238,"column":null}},"line":230},"10":{"name":"clearMetrics","decl":{"start":{"line":243,"column":16},"end":{"line":243,"column":37}},"loc":{"start":{"line":243,"column":37},"end":{"line":245,"column":null}},"line":243},"11":{"name":"initWebVitals","decl":{"start":{"line":251,"column":16},"end":{"line":251,"column":38}},"loc":{"start":{"line":251,"column":38},"end":{"line":332,"column":null}},"line":251},"12":{"name":"(anonymous_12)","decl":{"start":{"line":258,"column":58},"end":{"line":258,"column":59}},"loc":{"start":{"line":258,"column":73},"end":{"line":264,"column":13}},"line":258},"13":{"name":"(anonymous_13)","decl":{"start":{"line":272,"column":56},"end":{"line":272,"column":57}},"loc":{"start":{"line":272,"column":71},"end":{"line":278,"column":13}},"line":272},"14":{"name":"(anonymous_14)","decl":{"start":{"line":286,"column":56},"end":{"line":286,"column":57}},"loc":{"start":{"line":286,"column":71},"end":{"line":294,"column":13}},"line":286},"15":{"name":"(anonymous_15)","decl":{"start":{"line":303,"column":56},"end":{"line":303,"column":57}},"loc":{"start":{"line":303,"column":71},"end":{"line":315,"column":13}},"line":303},"16":{"name":"(anonymous_16)","decl":{"start":{"line":324,"column":40},"end":{"line":324,"column":46}},"loc":{"start":{"line":324,"column":46},"end":{"line":330,"column":9}},"line":324},"17":{"name":"rateMetric","decl":{"start":{"line":353,"column":16},"end":{"line":353,"column":null}},"loc":{"start":{"line":356,"column":41},"end":{"line":363,"column":null}},"line":356},"18":{"name":"getMemoryUsage","decl":{"start":{"line":371,"column":16},"end":{"line":371,"column":null}},"loc":{"start":{"line":375,"column":9},"end":{"line":394,"column":null}},"line":375},"19":{"name":"formatBytes","decl":{"start":{"line":402,"column":16},"end":{"line":402,"column":28}},"loc":{"start":{"line":402,"column":51},"end":{"line":410,"column":null}},"line":402}},"branchMap":{"0":{"loc":{"start":{"line":73,"column":8},"end":{"line":75,"column":null}},"type":"if","locations":[{"start":{"line":73,"column":8},"end":{"line":75,"column":null}},{"start":{},"end":{}}],"line":73},"1":{"loc":{"start":{"line":90,"column":4},"end":{"line":90,"column":null}},"type":"default-arg","locations":[{"start":{"line":90,"column":38},"end":{"line":90,"column":null}}],"line":90},"2":{"loc":{"start":{"line":113,"column":4},"end":{"line":115,"column":null}},"type":"if","locations":[{"start":{"line":113,"column":4},"end":{"line":115,"column":null}},{"start":{},"end":{}}],"line":113},"3":{"loc":{"start":{"line":114,"column":64},"end":{"line":114,"column":78}},"type":"binary-expr","locations":[{"start":{"line":114,"column":64},"end":{"line":114,"column":76}},{"start":{"line":114,"column":76},"end":{"line":114,"column":78}}],"line":114},"4":{"loc":{"start":{"line":124,"column":4},"end":{"line":126,"column":null}},"type":"if","locations":[{"start":{"line":124,"column":4},"end":{"line":126,"column":null}},{"start":{},"end":{}}],"line":124},"5":{"loc":{"start":{"line":124,"column":8},"end":{"line":124,"column":64}},"type":"binary-expr","locations":[{"start":{"line":124,"column":8},"end":{"line":124,"column":46}},{"start":{"line":124,"column":46},"end":{"line":124,"column":64}}],"line":124},"6":{"loc":{"start":{"line":137,"column":4},"end":{"line":159,"column":null}},"type":"if","locations":[{"start":{"line":137,"column":4},"end":{"line":159,"column":null}},{"start":{},"end":{}}],"line":137},"7":{"loc":{"start":{"line":137,"column":8},"end":{"line":137,"column":87}},"type":"binary-expr","locations":[{"start":{"line":137,"column":8},"end":{"line":137,"column":46}},{"start":{"line":137,"column":46},"end":{"line":137,"column":66}},{"start":{"line":137,"column":66},"end":{"line":137,"column":87}}],"line":137},"8":{"loc":{"start":{"line":188,"column":19},"end":{"line":188,"column":null}},"type":"cond-expr","locations":[{"start":{"line":188,"column":44},"end":{"line":188,"column":60}},{"start":{"line":188,"column":60},"end":{"line":188,"column":null}}],"line":188},"9":{"loc":{"start":{"line":219,"column":19},"end":{"line":219,"column":null}},"type":"cond-expr","locations":[{"start":{"line":219,"column":44},"end":{"line":219,"column":60}},{"start":{"line":219,"column":60},"end":{"line":219,"column":null}}],"line":219},"10":{"loc":{"start":{"line":234,"column":13},"end":{"line":234,"column":null}},"type":"cond-expr","locations":[{"start":{"line":234,"column":45},"end":{"line":234,"column":68}},{"start":{"line":234,"column":68},"end":{"line":234,"column":null}}],"line":234},"11":{"loc":{"start":{"line":235,"column":19},"end":{"line":235,"column":null}},"type":"cond-expr","locations":[{"start":{"line":235,"column":54},"end":{"line":235,"column":76}},{"start":{"line":235,"column":76},"end":{"line":235,"column":null}}],"line":235},"12":{"loc":{"start":{"line":252,"column":4},"end":{"line":252,"column":null}},"type":"if","locations":[{"start":{"line":252,"column":4},"end":{"line":252,"column":null}},{"start":{},"end":{}}],"line":252},"13":{"loc":{"start":{"line":255,"column":4},"end":{"line":320,"column":null}},"type":"if","locations":[{"start":{"line":255,"column":4},"end":{"line":320,"column":null}},{"start":{},"end":{}}],"line":255},"14":{"loc":{"start":{"line":260,"column":20},"end":{"line":262,"column":null}},"type":"if","locations":[{"start":{"line":260,"column":20},"end":{"line":262,"column":null}},{"start":{},"end":{}}],"line":260},"15":{"loc":{"start":{"line":275,"column":16},"end":{"line":277,"column":null}},"type":"if","locations":[{"start":{"line":275,"column":16},"end":{"line":277,"column":null}},{"start":{},"end":{}}],"line":275},"16":{"loc":{"start":{"line":290,"column":20},"end":{"line":292,"column":null}},"type":"if","locations":[{"start":{"line":290,"column":20},"end":{"line":292,"column":null}},{"start":{},"end":{}}],"line":290},"17":{"loc":{"start":{"line":310,"column":20},"end":{"line":313,"column":null}},"type":"if","locations":[{"start":{"line":310,"column":20},"end":{"line":313,"column":null}},{"start":{},"end":{}}],"line":310},"18":{"loc":{"start":{"line":310,"column":24},"end":{"line":310,"column":84}},"type":"binary-expr","locations":[{"start":{"line":310,"column":24},"end":{"line":310,"column":60}},{"start":{"line":310,"column":60},"end":{"line":310,"column":84}}],"line":310},"19":{"loc":{"start":{"line":323,"column":4},"end":{"line":331,"column":null}},"type":"if","locations":[{"start":{"line":323,"column":4},"end":{"line":331,"column":null}},{"start":{},"end":{}}],"line":323},"20":{"loc":{"start":{"line":323,"column":8},"end":{"line":323,"column":69}},"type":"binary-expr","locations":[{"start":{"line":323,"column":8},"end":{"line":323,"column":41}},{"start":{"line":323,"column":41},"end":{"line":323,"column":69}}],"line":323},"21":{"loc":{"start":{"line":327,"column":12},"end":{"line":329,"column":null}},"type":"if","locations":[{"start":{"line":327,"column":12},"end":{"line":329,"column":null}},{"start":{},"end":{}}],"line":327},"22":{"loc":{"start":{"line":358,"column":4},"end":{"line":358,"column":null}},"type":"if","locations":[{"start":{"line":358,"column":4},"end":{"line":358,"column":null}},{"start":{},"end":{}}],"line":358},"23":{"loc":{"start":{"line":360,"column":4},"end":{"line":360,"column":null}},"type":"if","locations":[{"start":{"line":360,"column":4},"end":{"line":360,"column":null}},{"start":{},"end":{}}],"line":360},"24":{"loc":{"start":{"line":361,"column":4},"end":{"line":361,"column":null}},"type":"if","locations":[{"start":{"line":361,"column":4},"end":{"line":361,"column":null}},{"start":{},"end":{}}],"line":361},"25":{"loc":{"start":{"line":376,"column":4},"end":{"line":392,"column":null}},"type":"if","locations":[{"start":{"line":376,"column":4},"end":{"line":392,"column":null}},{"start":{},"end":{}}],"line":376},"26":{"loc":{"start":{"line":385,"column":8},"end":{"line":391,"column":null}},"type":"if","locations":[{"start":{"line":385,"column":8},"end":{"line":391,"column":null}},{"start":{},"end":{}}],"line":385},"27":{"loc":{"start":{"line":403,"column":4},"end":{"line":403,"column":null}},"type":"if","locations":[{"start":{"line":403,"column":4},"end":{"line":403,"column":null}},{"start":{},"end":{}}],"line":403}},"s":{"0":1,"1":1,"2":1,"3":1,"4":6,"5":6,"6":6,"7":6,"8":6,"9":17,"10":17,"11":17,"12":5,"13":5,"14":1,"15":17,"16":0,"17":1,"18":1,"19":2,"20":2,"21":2,"22":2,"23":2,"24":2,"25":2,"26":2,"27":2,"28":2,"29":2,"30":2,"31":1,"32":0,"33":4,"34":4,"35":4,"36":2,"37":2,"38":2,"39":2,"40":2,"41":2,"42":3,"43":3,"44":3,"45":3,"46":3,"47":3,"48":1,"49":1,"50":1,"51":14,"52":29,"53":0,"54":0,"55":0,"56":0,"57":0,"58":0,"59":0,"60":0,"61":0,"62":0,"63":0,"64":0,"65":0,"66":0,"67":0,"68":0,"69":0,"70":0,"71":0,"72":0,"73":0,"74":0,"75":0,"76":0,"77":0,"78":0,"79":0,"80":0,"81":0,"82":0,"83":0,"84":0,"85":0,"86":0,"87":0,"88":0,"89":0,"90":0,"91":1,"92":21,"93":21,"94":0,"95":21,"96":9,"97":12,"98":12,"99":6,"100":0,"101":0,"102":0,"103":0,"104":0,"105":9,"106":1,"107":8,"108":8,"109":8,"110":8},"f":{"0":1,"1":6,"2":6,"3":17,"4":5,"5":1,"6":2,"7":4,"8":3,"9":14,"10":29,"11":0,"12":0,"13":0,"14":0,"15":0,"16":0,"17":21,"18":0,"19":9},"b":{"0":[6,0],"1":[17],"2":[0,17],"3":[0,0],"4":[1,0],"5":[1,1],"6":[2,0],"7":[2,2,2],"8":[2,0],"9":[1,0],"10":[14,0],"11":[14,0],"12":[0,0],"13":[0,0],"14":[0,0],"15":[0,0],"16":[0,0],"17":[0,0],"18":[0,0],"19":[0,0],"20":[0,0],"21":[0,0],"22":[0,21],"23":[9,12],"24":[6,6],"25":[0,0],"26":[0,0],"27":[1,8]},"meta":{"lastBranch":28,"lastFunction":20,"lastStatement":111,"seen":{"s:44:42:44:Infinity":0,"s:49:46:49:Infinity":1,"s:54:18:54:Infinity":2,"f:59:9:59:37":0,"s:60:4:60:Infinity":3,"f:69:16:69:25":1,"s:70:4:70:Infinity":4,"s:71:4:76:Infinity":5,"f:71:11:71:17":2,"s:72:22:72:Infinity":6,"b:73:8:75:Infinity:undefined:undefined:undefined:undefined":0,"s:73:8:75:Infinity":7,"s:74:12:74:Infinity":8,"f:87:16:87:Infinity":3,"b:90:38:90:Infinity":1,"s:93:38:99:Infinity":9,"s:101:4:101:Infinity":10,"s:104:4:110:Infinity":11,"f:104:28:104:40":4,"s:105:8:109:Infinity":12,"s:106:12:106:Infinity":13,"s:108:12:108:Infinity":14,"b:113:4:115:Infinity:undefined:undefined:undefined:undefined":2,"s:113:4:115:Infinity":15,"s:114:8:114:Infinity":16,"b:114:64:114:76:114:76:114:78":3,"f:123:16:123:26":5,"b:124:4:126:Infinity:undefined:undefined:undefined:undefined":4,"s:124:4:126:Infinity":17,"b:124:8:124:46:124:46:124:64":5,"s:125:8:125:Infinity":18,"f:136:16:136:24":6,"b:137:4:159:Infinity:undefined:undefined:undefined:undefined":6,"s:137:4:159:Infinity":19,"b:137:8:137:46:137:46:137:66:137:66:137:87":7,"s:138:26:138:Infinity":20,"s:139:24:139:Infinity":21,"s:141:8:141:Infinity":22,"s:143:8:158:Infinity":23,"s:144:28:144:Infinity":24,"s:145:29:145:Infinity":25,"s:147:12:147:Infinity":26,"s:150:12:150:Infinity":27,"s:151:12:151:Infinity":28,"s:152:12:152:Infinity":29,"s:154:12:154:Infinity":30,"s:157:12:157:Infinity":31,"s:160:4:160:Infinity":32,"f:171:22:171:Infinity":7,"s:176:22:176:Infinity":33,"s:178:4:191:Infinity":34,"s:179:23:179:Infinity":35,"s:180:25:180:Infinity":36,"s:181:8:181:Infinity":37,"s:182:8:182:Infinity":38,"s:184:25:184:Infinity":39,"s:185:8:189:Infinity":40,"b:188:44:188:60:188:60:188:Infinity":8,"s:190:8:190:Infinity":41,"f:202:16:202:Infinity":8,"s:207:22:207:Infinity":42,"s:209:4:222:Infinity":43,"s:210:23:210:Infinity":44,"s:211:25:211:Infinity":45,"s:212:8:212:Infinity":46,"s:213:8:213:Infinity":47,"s:215:25:215:Infinity":48,"s:216:8:220:Infinity":49,"b:219:44:219:60:219:60:219:Infinity":9,"s:221:8:221:Infinity":50,"f:230:16:230:58":9,"s:231:4:237:Infinity":51,"b:234:45:234:68:234:68:234:Infinity":10,"b:235:54:235:76:235:76:235:Infinity":11,"f:243:16:243:37":10,"s:244:4:244:Infinity":52,"f:251:16:251:38":11,"b:252:4:252:Infinity:undefined:undefined:undefined:undefined":12,"s:252:4:252:Infinity":53,"s:252:39:252:Infinity":54,"b:255:4:320:Infinity:undefined:undefined:undefined:undefined":13,"s:255:4:320:Infinity":55,"s:257:8:268:Infinity":56,"s:258:34:264:Infinity":57,"f:258:58:258:59":12,"s:259:16:263:Infinity":58,"b:260:20:262:Infinity:undefined:undefined:undefined:undefined":14,"s:260:20:262:Infinity":59,"s:261:24:261:Infinity":60,"s:265:12:265:Infinity":61,"s:271:8:282:Infinity":62,"s:272:32:278:Infinity":63,"f:272:56:272:57":13,"s:273:32:273:Infinity":64,"s:274:34:274:Infinity":65,"b:275:16:277:Infinity:undefined:undefined:undefined:undefined":15,"s:275:16:277:Infinity":66,"s:276:20:276:Infinity":67,"s:279:12:279:Infinity":68,"s:285:8:298:Infinity":69,"s:286:32:294:Infinity":70,"f:286:56:286:57":14,"s:287:16:293:Infinity":71,"s:289:39:289:Infinity":72,"b:290:20:292:Infinity:undefined:undefined:undefined:undefined":16,"s:290:20:292:Infinity":73,"s:291:24:291:Infinity":74,"s:295:12:295:Infinity":75,"s:301:8:319:Infinity":76,"s:302:27:302:Infinity":77,"s:303:32:315:Infinity":78,"f:303:56:303:57":15,"s:304:16:314:Infinity":79,"s:306:45:306:Infinity":80,"b:310:20:313:Infinity:undefined:undefined:undefined:undefined":17,"s:310:20:313:Infinity":81,"b:310:24:310:60:310:60:310:84":18,"s:311:24:311:Infinity":82,"s:312:24:312:Infinity":83,"s:316:12:316:Infinity":84,"b:323:4:331:Infinity:undefined:undefined:undefined:undefined":19,"s:323:4:331:Infinity":85,"b:323:8:323:41:323:41:323:69":20,"s:324:8:330:Infinity":86,"f:324:40:324:46":16,"s:325:27:325:Infinity":87,"s:326:25:326:Infinity":88,"b:327:12:329:Infinity:undefined:undefined:undefined:undefined":21,"s:327:12:329:Infinity":89,"s:328:16:328:Infinity":90,"s:337:37:344:Infinity":91,"f:353:16:353:Infinity":17,"s:357:22:357:Infinity":92,"b:358:4:358:Infinity:undefined:undefined:undefined:undefined":22,"s:358:4:358:Infinity":93,"s:358:20:358:Infinity":94,"b:360:4:360:Infinity:undefined:undefined:undefined:undefined":23,"s:360:4:360:Infinity":95,"s:360:33:360:Infinity":96,"b:361:4:361:Infinity:undefined:undefined:undefined:undefined":24,"s:361:4:361:Infinity":97,"s:361:45:361:Infinity":98,"s:362:4:362:Infinity":99,"f:371:16:371:Infinity":18,"b:376:4:392:Infinity:undefined:undefined:undefined:undefined":25,"s:376:4:392:Infinity":100,"s:377:31:377:Infinity":101,"b:385:8:391:Infinity:undefined:undefined:undefined:undefined":26,"s:385:8:391:Infinity":102,"s:386:12:390:Infinity":103,"s:393:4:393:Infinity":104,"f:402:16:402:28":19,"b:403:4:403:Infinity:undefined:undefined:undefined:undefined":27,"s:403:4:403:Infinity":105,"s:403:21:403:Infinity":106,"s:405:14:405:Infinity":107,"s:406:18:406:Infinity":108,"s:407:14:407:Infinity":109,"s:409:4:409:Infinity":110}}}
,"/Users/benjaminwilliams/_stylish_nanobanana/Stylish/src/core/retry.ts": {"path":"/Users/benjaminwilliams/_stylish_nanobanana/Stylish/src/core/retry.ts","statementMap":{"0":{"start":{"line":28,"column":8},"end":{"line":28,"column":null}},"1":{"start":{"line":25,"column":15},"end":{"line":25,"column":null}},"2":{"start":{"line":26,"column":15},"end":{"line":26,"column":null}},"3":{"start":{"line":29,"column":8},"end":{"line":29,"column":null}},"4":{"start":{"line":36,"column":49},"end":{"line":42,"column":null}},"5":{"start":{"line":47,"column":21},"end":{"line":48,"column":null}},"6":{"start":{"line":48,"column":4},"end":{"line":48,"column":null}},"7":{"start":{"line":48,"column":27},"end":{"line":48,"column":50}},"8":{"start":{"line":53,"column":30},"end":{"line":73,"column":null}},"9":{"start":{"line":57,"column":63},"end":{"line":57,"column":null}},"10":{"start":{"line":59,"column":26},"end":{"line":61,"column":null}},"11":{"start":{"line":64,"column":4},"end":{"line":64,"column":null}},"12":{"start":{"line":67,"column":4},"end":{"line":70,"column":null}},"13":{"start":{"line":68,"column":29},"end":{"line":68,"column":null}},"14":{"start":{"line":69,"column":8},"end":{"line":69,"column":null}},"15":{"start":{"line":72,"column":4},"end":{"line":72,"column":null}},"16":{"start":{"line":84,"column":25},"end":{"line":127,"column":null}},"17":{"start":{"line":89,"column":36},"end":{"line":89,"column":null}},"18":{"start":{"line":90,"column":28},"end":{"line":90,"column":null}},"19":{"start":{"line":92,"column":27},"end":{"line":92,"column":null}},"20":{"start":{"line":94,"column":4},"end":{"line":120,"column":null}},"21":{"start":{"line":94,"column":23},"end":{"line":94,"column":26}},"22":{"start":{"line":95,"column":8},"end":{"line":119,"column":null}},"23":{"start":{"line":96,"column":27},"end":{"line":96,"column":null}},"24":{"start":{"line":97,"column":12},"end":{"line":97,"column":null}},"25":{"start":{"line":99,"column":12},"end":{"line":99,"column":null}},"26":{"start":{"line":102,"column":12},"end":{"line":104,"column":null}},"27":{"start":{"line":103,"column":16},"end":{"line":103,"column":null}},"28":{"start":{"line":107,"column":12},"end":{"line":109,"column":null}},"29":{"start":{"line":108,"column":16},"end":{"line":108,"column":null}},"30":{"start":{"line":112,"column":28},"end":{"line":112,"column":null}},"31":{"start":{"line":113,"column":12},"end":{"line":116,"column":null}},"32":{"start":{"line":118,"column":12},"end":{"line":118,"column":null}},"33":{"start":{"line":122,"column":4},"end":{"line":126,"column":null}},"34":{"start":{"line":133,"column":21},"end":{"line":133,"column":null}},"35":{"start":{"line":139,"column":32},"end":{"line":163,"column":null}},"36":{"start":{"line":140,"column":20},"end":{"line":140,"column":null}},"37":{"start":{"line":143,"column":4},"end":{"line":145,"column":null}},"38":{"start":{"line":144,"column":8},"end":{"line":144,"column":null}},"39":{"start":{"line":148,"column":4},"end":{"line":150,"column":null}},"40":{"start":{"line":149,"column":8},"end":{"line":149,"column":null}},"41":{"start":{"line":153,"column":4},"end":{"line":155,"column":null}},"42":{"start":{"line":154,"column":8},"end":{"line":154,"column":null}},"43":{"start":{"line":158,"column":4},"end":{"line":160,"column":null}},"44":{"start":{"line":159,"column":8},"end":{"line":159,"column":null}},"45":{"start":{"line":162,"column":4},"end":{"line":162,"column":null}},"46":{"start":{"line":168,"column":36},"end":{"line":203,"column":null}},"47":{"start":{"line":173,"column":36},"end":{"line":173,"column":null}},"48":{"start":{"line":174,"column":28},"end":{"line":174,"column":null}},"49":{"start":{"line":176,"column":27},"end":{"line":176,"column":null}},"50":{"start":{"line":178,"column":4},"end":{"line":196,"column":null}},"51":{"start":{"line":178,"column":23},"end":{"line":178,"column":26}},"52":{"start":{"line":179,"column":8},"end":{"line":195,"column":null}},"53":{"start":{"line":180,"column":12},"end":{"line":180,"column":null}},"54":{"start":{"line":182,"column":12},"end":{"line":182,"column":null}},"55":{"start":{"line":185,"column":12},"end":{"line":187,"column":null}},"56":{"start":{"line":186,"column":16},"end":{"line":186,"column":null}},"57":{"start":{"line":189,"column":12},"end":{"line":191,"column":null}},"58":{"start":{"line":190,"column":16},"end":{"line":190,"column":null}},"59":{"start":{"line":193,"column":28},"end":{"line":193,"column":null}},"60":{"start":{"line":194,"column":12},"end":{"line":194,"column":null}},"61":{"start":{"line":198,"column":4},"end":{"line":202,"column":null}}},"fnMap":{"0":{"name":"(anonymous_0)","decl":{"start":{"line":23,"column":4},"end":{"line":23,"column":null}},"loc":{"start":{"line":27,"column":6},"end":{"line":30,"column":null}},"line":27},"1":{"name":"(anonymous_1)","decl":{"start":{"line":47,"column":21},"end":{"line":47,"column":22}},"loc":{"start":{"line":48,"column":4},"end":{"line":48,"column":null}},"line":48},"2":{"name":"(anonymous_2)","decl":{"start":{"line":48,"column":16},"end":{"line":48,"column":27}},"loc":{"start":{"line":48,"column":27},"end":{"line":48,"column":50}},"line":48},"3":{"name":"(anonymous_3)","decl":{"start":{"line":53,"column":30},"end":{"line":53,"column":null}},"loc":{"start":{"line":56,"column":13},"end":{"line":73,"column":null}},"line":56},"4":{"name":"(anonymous_4)","decl":{"start":{"line":84,"column":25},"end":{"line":84,"column":null}},"loc":{"start":{"line":88,"column":17},"end":{"line":127,"column":null}},"line":88},"5":{"name":"(anonymous_5)","decl":{"start":{"line":139,"column":32},"end":{"line":139,"column":33}},"loc":{"start":{"line":139,"column":59},"end":{"line":163,"column":null}},"line":139},"6":{"name":"(anonymous_6)","decl":{"start":{"line":168,"column":36},"end":{"line":168,"column":null}},"loc":{"start":{"line":172,"column":17},"end":{"line":203,"column":null}},"line":172}},"branchMap":{"0":{"loc":{"start":{"line":57,"column":28},"end":{"line":57,"column":46}},"type":"default-arg","locations":[{"start":{"line":57,"column":39},"end":{"line":57,"column":46}}],"line":57},"1":{"loc":{"start":{"line":57,"column":46},"end":{"line":57,"column":59}},"type":"default-arg","locations":[{"start":{"line":57,"column":55},"end":{"line":57,"column":59}}],"line":57},"2":{"loc":{"start":{"line":59,"column":26},"end":{"line":61,"column":null}},"type":"cond-expr","locations":[{"start":{"line":60,"column":10},"end":{"line":60,"column":null}},{"start":{"line":61,"column":10},"end":{"line":61,"column":null}}],"line":59},"3":{"loc":{"start":{"line":67,"column":4},"end":{"line":70,"column":null}},"type":"if","locations":[{"start":{"line":67,"column":4},"end":{"line":70,"column":null}},{"start":{},"end":{}}],"line":67},"4":{"loc":{"start":{"line":86,"column":4},"end":{"line":86,"column":null}},"type":"default-arg","locations":[{"start":{"line":86,"column":35},"end":{"line":86,"column":null}}],"line":86},"5":{"loc":{"start":{"line":102,"column":12},"end":{"line":104,"column":null}},"type":"if","locations":[{"start":{"line":102,"column":12},"end":{"line":104,"column":null}},{"start":{},"end":{}}],"line":102},"6":{"loc":{"start":{"line":107,"column":12},"end":{"line":109,"column":null}},"type":"if","locations":[{"start":{"line":107,"column":12},"end":{"line":109,"column":null}},{"start":{},"end":{}}],"line":107},"7":{"loc":{"start":{"line":143,"column":4},"end":{"line":145,"column":null}},"type":"if","locations":[{"start":{"line":143,"column":4},"end":{"line":145,"column":null}},{"start":{},"end":{}}],"line":143},"8":{"loc":{"start":{"line":143,"column":8},"end":{"line":143,"column":104}},"type":"binary-expr","locations":[{"start":{"line":143,"column":8},"end":{"line":143,"column":39}},{"start":{"line":143,"column":39},"end":{"line":143,"column":70}},{"start":{"line":143,"column":70},"end":{"line":143,"column":104}}],"line":143},"9":{"loc":{"start":{"line":148,"column":4},"end":{"line":150,"column":null}},"type":"if","locations":[{"start":{"line":148,"column":4},"end":{"line":150,"column":null}},{"start":{},"end":{}}],"line":148},"10":{"loc":{"start":{"line":148,"column":8},"end":{"line":148,"column":96}},"type":"binary-expr","locations":[{"start":{"line":148,"column":8},"end":{"line":148,"column":35}},{"start":{"line":148,"column":35},"end":{"line":148,"column":69}},{"start":{"line":148,"column":69},"end":{"line":148,"column":96}}],"line":148},"11":{"loc":{"start":{"line":153,"column":4},"end":{"line":155,"column":null}},"type":"if","locations":[{"start":{"line":153,"column":4},"end":{"line":155,"column":null}},{"start":{},"end":{}}],"line":153},"12":{"loc":{"start":{"line":153,"column":8},"end":{"line":153,"column":114}},"type":"binary-expr","locations":[{"start":{"line":153,"column":8},"end":{"line":153,"column":35}},{"start":{"line":153,"column":35},"end":{"line":153,"column":62}},{"start":{"line":153,"column":62},"end":{"line":153,"column":89}},{"start":{"line":153,"column":89},"end":{"line":153,"column":114}}],"line":153},"13":{"loc":{"start":{"line":158,"column":4},"end":{"line":160,"column":null}},"type":"if","locations":[{"start":{"line":158,"column":4},"end":{"line":160,"column":null}},{"start":{},"end":{}}],"line":158},"14":{"loc":{"start":{"line":158,"column":8},"end":{"line":158,"column":74}},"type":"binary-expr","locations":[{"start":{"line":158,"column":8},"end":{"line":158,"column":43}},{"start":{"line":158,"column":43},"end":{"line":158,"column":74}}],"line":158},"15":{"loc":{"start":{"line":170,"column":4},"end":{"line":170,"column":null}},"type":"default-arg","locations":[{"start":{"line":170,"column":45},"end":{"line":170,"column":null}}],"line":170},"16":{"loc":{"start":{"line":171,"column":4},"end":{"line":171,"column":null}},"type":"default-arg","locations":[{"start":{"line":171,"column":35},"end":{"line":171,"column":null}}],"line":171},"17":{"loc":{"start":{"line":185,"column":12},"end":{"line":187,"column":null}},"type":"if","locations":[{"start":{"line":185,"column":12},"end":{"line":187,"column":null}},{"start":{},"end":{}}],"line":185},"18":{"loc":{"start":{"line":189,"column":12},"end":{"line":191,"column":null}},"type":"if","locations":[{"start":{"line":189,"column":12},"end":{"line":191,"column":null}},{"start":{},"end":{}}],"line":189}},"s":{"0":3,"1":3,"2":3,"3":3,"4":1,"5":1,"6":10,"7":10,"8":1,"9":119,"10":119,"11":119,"12":119,"13":100,"14":100,"15":119,"16":1,"17":5,"18":5,"19":5,"20":5,"21":5,"22":14,"23":14,"24":3,"25":11,"26":11,"27":1,"28":11,"29":2,"30":9,"31":9,"32":9,"33":2,"34":1,"35":1,"36":16,"37":16,"38":5,"39":11,"40":3,"41":8,"42":3,"43":5,"44":2,"45":3,"46":1,"47":2,"48":2,"49":2,"50":2,"51":2,"52":3,"53":3,"54":2,"55":2,"56":1,"57":1,"58":0,"59":1,"60":1,"61":0},"f":{"0":3,"1":10,"2":10,"3":119,"4":5,"5":16,"6":2},"b":{"0":[119],"1":[119],"2":[16,103],"3":[100,19],"4":[5],"5":[1,10],"6":[2,9],"7":[5,11],"8":[16,14,12],"9":[3,8],"10":[11,10,9],"11":[3,5],"12":[8,7,6,5],"13":[2,3],"14":[5,4],"15":[2],"16":[2],"17":[1,1],"18":[0,1]},"meta":{"lastBranch":19,"lastFunction":7,"lastStatement":62,"seen":{"f:23:4:23:Infinity":0,"s:28:8:28:Infinity":0,"s:25:15:25:Infinity":1,"s:26:15:26:Infinity":2,"s:29:8:29:Infinity":3,"s:36:49:42:Infinity":4,"s:47:21:48:Infinity":5,"f:47:21:47:22":1,"s:48:4:48:Infinity":6,"f:48:16:48:27":2,"s:48:27:48:50":7,"s:53:30:73:Infinity":8,"f:53:30:53:Infinity":3,"s:57:63:57:Infinity":9,"b:57:39:57:46":0,"b:57:55:57:59":1,"s:59:26:61:Infinity":10,"b:60:10:60:Infinity:61:10:61:Infinity":2,"s:64:4:64:Infinity":11,"b:67:4:70:Infinity:undefined:undefined:undefined:undefined":3,"s:67:4:70:Infinity":12,"s:68:29:68:Infinity":13,"s:69:8:69:Infinity":14,"s:72:4:72:Infinity":15,"s:84:25:127:Infinity":16,"f:84:25:84:Infinity":4,"b:86:35:86:Infinity":4,"s:89:36:89:Infinity":17,"s:90:28:90:Infinity":18,"s:92:27:92:Infinity":19,"s:94:4:120:Infinity":20,"s:94:23:94:26":21,"s:95:8:119:Infinity":22,"s:96:27:96:Infinity":23,"s:97:12:97:Infinity":24,"s:99:12:99:Infinity":25,"b:102:12:104:Infinity:undefined:undefined:undefined:undefined":5,"s:102:12:104:Infinity":26,"s:103:16:103:Infinity":27,"b:107:12:109:Infinity:undefined:undefined:undefined:undefined":6,"s:107:12:109:Infinity":28,"s:108:16:108:Infinity":29,"s:112:28:112:Infinity":30,"s:113:12:116:Infinity":31,"s:118:12:118:Infinity":32,"s:122:4:126:Infinity":33,"s:133:21:133:Infinity":34,"s:139:32:163:Infinity":35,"f:139:32:139:33":5,"s:140:20:140:Infinity":36,"b:143:4:145:Infinity:undefined:undefined:undefined:undefined":7,"s:143:4:145:Infinity":37,"b:143:8:143:39:143:39:143:70:143:70:143:104":8,"s:144:8:144:Infinity":38,"b:148:4:150:Infinity:undefined:undefined:undefined:undefined":9,"s:148:4:150:Infinity":39,"b:148:8:148:35:148:35:148:69:148:69:148:96":10,"s:149:8:149:Infinity":40,"b:153:4:155:Infinity:undefined:undefined:undefined:undefined":11,"s:153:4:155:Infinity":41,"b:153:8:153:35:153:35:153:62:153:62:153:89:153:89:153:114":12,"s:154:8:154:Infinity":42,"b:158:4:160:Infinity:undefined:undefined:undefined:undefined":13,"s:158:4:160:Infinity":43,"b:158:8:158:43:158:43:158:74":14,"s:159:8:159:Infinity":44,"s:162:4:162:Infinity":45,"s:168:36:203:Infinity":46,"f:168:36:168:Infinity":6,"b:170:45:170:Infinity":15,"b:171:35:171:Infinity":16,"s:173:36:173:Infinity":47,"s:174:28:174:Infinity":48,"s:176:27:176:Infinity":49,"s:178:4:196:Infinity":50,"s:178:23:178:26":51,"s:179:8:195:Infinity":52,"s:180:12:180:Infinity":53,"s:182:12:182:Infinity":54,"b:185:12:187:Infinity:undefined:undefined:undefined:undefined":17,"s:185:12:187:Infinity":55,"s:186:16:186:Infinity":56,"b:189:12:191:Infinity:undefined:undefined:undefined:undefined":18,"s:189:12:191:Infinity":57,"s:190:16:190:Infinity":58,"s:193:28:193:Infinity":59,"s:194:12:194:Infinity":60,"s:198:4:202:Infinity":61}}}
,"/Users/benjaminwilliams/_stylish_nanobanana/Stylish/src/core/validation.ts": {"path":"/Users/benjaminwilliams/_stylish_nanobanana/Stylish/src/core/validation.ts","statementMap":{"0":{"start":{"line":11,"column":8},"end":{"line":11,"column":null}},"1":{"start":{"line":10,"column":40},"end":{"line":10,"column":56}},"2":{"start":{"line":12,"column":8},"end":{"line":12,"column":null}},"3":{"start":{"line":22,"column":30},"end":{"line":45,"column":null}},"4":{"start":{"line":23,"column":4},"end":{"line":25,"column":null}},"5":{"start":{"line":24,"column":8},"end":{"line":24,"column":null}},"6":{"start":{"line":27,"column":4},"end":{"line":29,"column":null}},"7":{"start":{"line":28,"column":8},"end":{"line":28,"column":null}},"8":{"start":{"line":32,"column":22},"end":{"line":38,"column":null}},"9":{"start":{"line":40,"column":4},"end":{"line":42,"column":null}},"10":{"start":{"line":41,"column":8},"end":{"line":41,"column":null}},"11":{"start":{"line":44,"column":4},"end":{"line":44,"column":null}},"12":{"start":{"line":52,"column":35},"end":{"line":58,"column":null}},"13":{"start":{"line":53,"column":4},"end":{"line":53,"column":null}},"14":{"start":{"line":53,"column":35},"end":{"line":53,"column":null}},"15":{"start":{"line":56,"column":24},"end":{"line":56,"column":null}},"16":{"start":{"line":57,"column":4},"end":{"line":57,"column":null}},"17":{"start":{"line":65,"column":33},"end":{"line":74,"column":null}},"18":{"start":{"line":66,"column":4},"end":{"line":66,"column":null}},"19":{"start":{"line":66,"column":36},"end":{"line":66,"column":null}},"20":{"start":{"line":69,"column":24},"end":{"line":69,"column":null}},"21":{"start":{"line":70,"column":4},"end":{"line":70,"column":null}},"22":{"start":{"line":70,"column":35},"end":{"line":70,"column":null}},"23":{"start":{"line":73,"column":4},"end":{"line":73,"column":null}},"24":{"start":{"line":81,"column":29},"end":{"line":89,"column":null}},"25":{"start":{"line":82,"column":4},"end":{"line":87,"column":null}},"26":{"start":{"line":96,"column":35},"end":{"line":101,"column":null}},"27":{"start":{"line":97,"column":4},"end":{"line":97,"column":null}},"28":{"start":{"line":97,"column":34},"end":{"line":97,"column":null}},"29":{"start":{"line":99,"column":20},"end":{"line":99,"column":null}},"30":{"start":{"line":100,"column":4},"end":{"line":100,"column":null}},"31":{"start":{"line":108,"column":42},"end":{"line":113,"column":null}},"32":{"start":{"line":109,"column":4},"end":{"line":109,"column":null}},"33":{"start":{"line":109,"column":41},"end":{"line":109,"column":null}},"34":{"start":{"line":111,"column":20},"end":{"line":111,"column":null}},"35":{"start":{"line":112,"column":4},"end":{"line":112,"column":null}},"36":{"start":{"line":120,"column":34},"end":{"line":129,"column":null}},"37":{"start":{"line":121,"column":4},"end":{"line":121,"column":null}},"38":{"start":{"line":121,"column":33},"end":{"line":121,"column":null}},"39":{"start":{"line":123,"column":4},"end":{"line":128,"column":null}},"40":{"start":{"line":136,"column":28},"end":{"line":141,"column":null}},"41":{"start":{"line":137,"column":4},"end":{"line":137,"column":null}},"42":{"start":{"line":137,"column":32},"end":{"line":137,"column":null}},"43":{"start":{"line":139,"column":22},"end":{"line":139,"column":null}},"44":{"start":{"line":140,"column":4},"end":{"line":140,"column":null}},"45":{"start":{"line":147,"column":28},"end":{"line":153,"column":null}},"46":{"start":{"line":148,"column":4},"end":{"line":152,"column":null}},"47":{"start":{"line":149,"column":19},"end":{"line":149,"column":null}},"48":{"start":{"line":150,"column":18},"end":{"line":150,"column":null}},"49":{"start":{"line":151,"column":8},"end":{"line":151,"column":null}},"50":{"start":{"line":160,"column":29},"end":{"line":165,"column":null}},"51":{"start":{"line":161,"column":4},"end":{"line":161,"column":null}},"52":{"start":{"line":161,"column":35},"end":{"line":161,"column":null}},"53":{"start":{"line":163,"column":23},"end":{"line":163,"column":null}},"54":{"start":{"line":164,"column":4},"end":{"line":164,"column":null}},"55":{"start":{"line":172,"column":27},"end":{"line":181,"column":null}},"56":{"start":{"line":173,"column":4},"end":{"line":173,"column":null}},"57":{"start":{"line":173,"column":33},"end":{"line":173,"column":null}},"58":{"start":{"line":175,"column":4},"end":{"line":180,"column":null}},"59":{"start":{"line":176,"column":23},"end":{"line":176,"column":null}},"60":{"start":{"line":177,"column":8},"end":{"line":177,"column":null}},"61":{"start":{"line":179,"column":8},"end":{"line":179,"column":null}}},"fnMap":{"0":{"name":"(anonymous_0)","decl":{"start":{"line":10,"column":4},"end":{"line":10,"column":16}},"loc":{"start":{"line":10,"column":56},"end":{"line":13,"column":null}},"line":10},"1":{"name":"(anonymous_1)","decl":{"start":{"line":22,"column":30},"end":{"line":22,"column":31}},"loc":{"start":{"line":22,"column":58},"end":{"line":45,"column":null}},"line":22},"2":{"name":"(anonymous_2)","decl":{"start":{"line":52,"column":35},"end":{"line":52,"column":36}},"loc":{"start":{"line":52,"column":63},"end":{"line":58,"column":null}},"line":52},"3":{"name":"(anonymous_3)","decl":{"start":{"line":65,"column":33},"end":{"line":65,"column":34}},"loc":{"start":{"line":65,"column":62},"end":{"line":74,"column":null}},"line":65},"4":{"name":"(anonymous_4)","decl":{"start":{"line":81,"column":29},"end":{"line":81,"column":30}},"loc":{"start":{"line":81,"column":57},"end":{"line":89,"column":null}},"line":81},"5":{"name":"(anonymous_5)","decl":{"start":{"line":96,"column":35},"end":{"line":96,"column":36}},"loc":{"start":{"line":96,"column":62},"end":{"line":101,"column":null}},"line":96},"6":{"name":"(anonymous_6)","decl":{"start":{"line":108,"column":42},"end":{"line":108,"column":43}},"loc":{"start":{"line":108,"column":76},"end":{"line":113,"column":null}},"line":108},"7":{"name":"(anonymous_7)","decl":{"start":{"line":120,"column":34},"end":{"line":120,"column":35}},"loc":{"start":{"line":120,"column":59},"end":{"line":129,"column":null}},"line":120},"8":{"name":"(anonymous_8)","decl":{"start":{"line":136,"column":28},"end":{"line":136,"column":29}},"loc":{"start":{"line":136,"column":53},"end":{"line":141,"column":null}},"line":136},"9":{"name":"(anonymous_9)","decl":{"start":{"line":147,"column":28},"end":{"line":147,"column":42}},"loc":{"start":{"line":147,"column":42},"end":{"line":153,"column":null}},"line":147},"10":{"name":"(anonymous_10)","decl":{"start":{"line":148,"column":67},"end":{"line":148,"column":68}},"loc":{"start":{"line":148,"column":74},"end":{"line":152,"column":5}},"line":148},"11":{"name":"(anonymous_11)","decl":{"start":{"line":160,"column":29},"end":{"line":160,"column":30}},"loc":{"start":{"line":160,"column":57},"end":{"line":165,"column":null}},"line":160},"12":{"name":"(anonymous_12)","decl":{"start":{"line":172,"column":27},"end":{"line":172,"column":28}},"loc":{"start":{"line":172,"column":53},"end":{"line":181,"column":null}},"line":172}},"branchMap":{"0":{"loc":{"start":{"line":23,"column":4},"end":{"line":25,"column":null}},"type":"if","locations":[{"start":{"line":23,"column":4},"end":{"line":25,"column":null}},{"start":{},"end":{}}],"line":23},"1":{"loc":{"start":{"line":27,"column":4},"end":{"line":29,"column":null}},"type":"if","locations":[{"start":{"line":27,"column":4},"end":{"line":29,"column":null}},{"start":{},"end":{}}],"line":27},"2":{"loc":{"start":{"line":40,"column":4},"end":{"line":42,"column":null}},"type":"if","locations":[{"start":{"line":40,"column":4},"end":{"line":42,"column":null}},{"start":{},"end":{}}],"line":40},"3":{"loc":{"start":{"line":53,"column":4},"end":{"line":53,"column":null}},"type":"if","locations":[{"start":{"line":53,"column":4},"end":{"line":53,"column":null}},{"start":{},"end":{}}],"line":53},"4":{"loc":{"start":{"line":66,"column":4},"end":{"line":66,"column":null}},"type":"if","locations":[{"start":{"line":66,"column":4},"end":{"line":66,"column":null}},{"start":{},"end":{}}],"line":66},"5":{"loc":{"start":{"line":70,"column":4},"end":{"line":70,"column":null}},"type":"if","locations":[{"start":{"line":70,"column":4},"end":{"line":70,"column":null}},{"start":{},"end":{}}],"line":70},"6":{"loc":{"start":{"line":83,"column":8},"end":{"line":87,"column":null}},"type":"binary-expr","locations":[{"start":{"line":83,"column":8},"end":{"line":83,"column":null}},{"start":{"line":84,"column":8},"end":{"line":84,"column":null}},{"start":{"line":85,"column":8},"end":{"line":85,"column":null}},{"start":{"line":86,"column":8},"end":{"line":86,"column":null}},{"start":{"line":87,"column":8},"end":{"line":87,"column":null}}],"line":83},"7":{"loc":{"start":{"line":97,"column":4},"end":{"line":97,"column":null}},"type":"if","locations":[{"start":{"line":97,"column":4},"end":{"line":97,"column":null}},{"start":{},"end":{}}],"line":97},"8":{"loc":{"start":{"line":100,"column":11},"end":{"line":100,"column":null}},"type":"binary-expr","locations":[{"start":{"line":100,"column":11},"end":{"line":100,"column":33}},{"start":{"line":100,"column":33},"end":{"line":100,"column":null}}],"line":100},"9":{"loc":{"start":{"line":109,"column":4},"end":{"line":109,"column":null}},"type":"if","locations":[{"start":{"line":109,"column":4},"end":{"line":109,"column":null}},{"start":{},"end":{}}],"line":109},"10":{"loc":{"start":{"line":112,"column":11},"end":{"line":112,"column":null}},"type":"binary-expr","locations":[{"start":{"line":112,"column":11},"end":{"line":112,"column":33}},{"start":{"line":112,"column":33},"end":{"line":112,"column":null}}],"line":112},"11":{"loc":{"start":{"line":121,"column":4},"end":{"line":121,"column":null}},"type":"if","locations":[{"start":{"line":121,"column":4},"end":{"line":121,"column":null}},{"start":{},"end":{}}],"line":121},"12":{"loc":{"start":{"line":137,"column":4},"end":{"line":137,"column":null}},"type":"if","locations":[{"start":{"line":137,"column":4},"end":{"line":137,"column":null}},{"start":{},"end":{}}],"line":137},"13":{"loc":{"start":{"line":150,"column":18},"end":{"line":150,"column":null}},"type":"cond-expr","locations":[{"start":{"line":150,"column":30},"end":{"line":150,"column":35}},{"start":{"line":150,"column":35},"end":{"line":150,"column":null}}],"line":150},"14":{"loc":{"start":{"line":161,"column":4},"end":{"line":161,"column":null}},"type":"if","locations":[{"start":{"line":161,"column":4},"end":{"line":161,"column":null}},{"start":{},"end":{}}],"line":161},"15":{"loc":{"start":{"line":164,"column":11},"end":{"line":164,"column":null}},"type":"binary-expr","locations":[{"start":{"line":164,"column":11},"end":{"line":164,"column":37}},{"start":{"line":164,"column":37},"end":{"line":164,"column":null}}],"line":164},"16":{"loc":{"start":{"line":173,"column":4},"end":{"line":173,"column":null}},"type":"if","locations":[{"start":{"line":173,"column":4},"end":{"line":173,"column":null}},{"start":{},"end":{}}],"line":173}},"s":{"0":6,"1":6,"2":6,"3":2,"4":9,"5":1,"6":8,"7":2,"8":6,"9":6,"10":0,"11":6,"12":2,"13":8,"14":3,"15":5,"16":5,"17":2,"18":4,"19":1,"20":3,"21":3,"22":1,"23":2,"24":2,"25":8,"26":2,"27":6,"28":1,"29":5,"30":5,"31":2,"32":4,"33":0,"34":4,"35":4,"36":2,"37":5,"38":1,"39":4,"40":2,"41":7,"42":1,"43":6,"44":6,"45":2,"46":101,"47":3131,"48":3131,"49":3131,"50":2,"51":7,"52":0,"53":7,"54":7,"55":2,"56":7,"57":0,"58":7,"59":7,"60":7,"61":2},"f":{"0":6,"1":9,"2":8,"3":4,"4":8,"5":6,"6":4,"7":5,"8":7,"9":101,"10":3131,"11":7,"12":7},"b":{"0":[1,8],"1":[2,6],"2":[0,6],"3":[3,5],"4":[1,3],"5":[1,2],"6":[8,7,6,5,4],"7":[1,5],"8":[5,3],"9":[0,4],"10":[4,3],"11":[1,4],"12":[1,6],"13":[3030,101],"14":[0,7],"15":[7,3],"16":[0,7]},"meta":{"lastBranch":17,"lastFunction":13,"lastStatement":62,"seen":{"f:10:4:10:16":0,"s:11:8:11:Infinity":0,"s:10:40:10:56":1,"s:12:8:12:Infinity":2,"s:22:30:45:Infinity":3,"f:22:30:22:31":1,"b:23:4:25:Infinity:undefined:undefined:undefined:undefined":0,"s:23:4:25:Infinity":4,"s:24:8:24:Infinity":5,"b:27:4:29:Infinity:undefined:undefined:undefined:undefined":1,"s:27:4:29:Infinity":6,"s:28:8:28:Infinity":7,"s:32:22:38:Infinity":8,"b:40:4:42:Infinity:undefined:undefined:undefined:undefined":2,"s:40:4:42:Infinity":9,"s:41:8:41:Infinity":10,"s:44:4:44:Infinity":11,"s:52:35:58:Infinity":12,"f:52:35:52:36":2,"b:53:4:53:Infinity:undefined:undefined:undefined:undefined":3,"s:53:4:53:Infinity":13,"s:53:35:53:Infinity":14,"s:56:24:56:Infinity":15,"s:57:4:57:Infinity":16,"s:65:33:74:Infinity":17,"f:65:33:65:34":3,"b:66:4:66:Infinity:undefined:undefined:undefined:undefined":4,"s:66:4:66:Infinity":18,"s:66:36:66:Infinity":19,"s:69:24:69:Infinity":20,"b:70:4:70:Infinity:undefined:undefined:undefined:undefined":5,"s:70:4:70:Infinity":21,"s:70:35:70:Infinity":22,"s:73:4:73:Infinity":23,"s:81:29:89:Infinity":24,"f:81:29:81:30":4,"s:82:4:87:Infinity":25,"b:83:8:83:Infinity:84:8:84:Infinity:85:8:85:Infinity:86:8:86:Infinity:87:8:87:Infinity":6,"s:96:35:101:Infinity":26,"f:96:35:96:36":5,"b:97:4:97:Infinity:undefined:undefined:undefined:undefined":7,"s:97:4:97:Infinity":27,"s:97:34:97:Infinity":28,"s:99:20:99:Infinity":29,"s:100:4:100:Infinity":30,"b:100:11:100:33:100:33:100:Infinity":8,"s:108:42:113:Infinity":31,"f:108:42:108:43":6,"b:109:4:109:Infinity:undefined:undefined:undefined:undefined":9,"s:109:4:109:Infinity":32,"s:109:41:109:Infinity":33,"s:111:20:111:Infinity":34,"s:112:4:112:Infinity":35,"b:112:11:112:33:112:33:112:Infinity":10,"s:120:34:129:Infinity":36,"f:120:34:120:35":7,"b:121:4:121:Infinity:undefined:undefined:undefined:undefined":11,"s:121:4:121:Infinity":37,"s:121:33:121:Infinity":38,"s:123:4:128:Infinity":39,"s:136:28:141:Infinity":40,"f:136:28:136:29":8,"b:137:4:137:Infinity:undefined:undefined:undefined:undefined":12,"s:137:4:137:Infinity":41,"s:137:32:137:Infinity":42,"s:139:22:139:Infinity":43,"s:140:4:140:Infinity":44,"s:147:28:153:Infinity":45,"f:147:28:147:42":9,"s:148:4:152:Infinity":46,"f:148:67:148:68":10,"s:149:19:149:Infinity":47,"s:150:18:150:Infinity":48,"b:150:30:150:35:150:35:150:Infinity":13,"s:151:8:151:Infinity":49,"s:160:29:165:Infinity":50,"f:160:29:160:30":11,"b:161:4:161:Infinity:undefined:undefined:undefined:undefined":14,"s:161:4:161:Infinity":51,"s:161:35:161:Infinity":52,"s:163:23:163:Infinity":53,"s:164:4:164:Infinity":54,"b:164:11:164:37:164:37:164:Infinity":15,"s:172:27:181:Infinity":55,"f:172:27:172:28":12,"b:173:4:173:Infinity:undefined:undefined:undefined:undefined":16,"s:173:4:173:Infinity":56,"s:173:33:173:Infinity":57,"s:175:4:180:Infinity":58,"s:176:23:176:Infinity":59,"s:177:8:177:Infinity":60,"s:179:8:179:Infinity":61}}}
[...]
lumn":59},"end":{"line":207,"column":64}},"loc":{"start":{"line":207,"column":64},"end":{"line":207,"column":79}},"line":207},"14":{"name":"(anonymous_14)","decl":{"start":{"line":227,"column":4},"end":{"line":227,"column":null}},"loc":{"start":{"line":231,"column":21},"end":{"line":298,"column":null}},"line":231},"15":{"name":"(anonymous_15)","decl":{"start":{"line":303,"column":4},"end":{"line":303,"column":null}},"loc":{"start":{"line":307,"column":21},"end":{"line":311,"column":null}},"line":307},"16":{"name":"(anonymous_16)","decl":{"start":{"line":316,"column":4},"end":{"line":316,"column":15}},"loc":{"start":{"line":316,"column":50},"end":{"line":318,"column":null}},"line":316},"17":{"name":"(anonymous_17)","decl":{"start":{"line":323,"column":4},"end":{"line":323,"column":null}},"loc":{"start":{"line":328,"column":12},"end":{"line":345,"column":null}},"line":328},"18":{"name":"(anonymous_18)","decl":{"start":{"line":350,"column":12},"end":{"line":350,"column":26}},"loc":{"start":{"line":350,"column":73},"end":{"line":380,"column":null}},"line":350},"19":{"name":"(anonymous_19)","decl":{"start":{"line":385,"column":12},"end":{"line":385,"column":26}},"loc":{"start":{"line":385,"column":66},"end":{"line":402,"column":null}},"line":385},"20":{"name":"(anonymous_20)","decl":{"start":{"line":407,"column":4},"end":{"line":407,"column":31}},"loc":{"start":{"line":407,"column":31},"end":{"line":409,"column":null}},"line":407},"21":{"name":"(anonymous_21)","decl":{"start":{"line":414,"column":4},"end":{"line":414,"column":13}},"loc":{"start":{"line":414,"column":50},"end":{"line":416,"column":null}},"line":414},"22":{"name":"(anonymous_22)","decl":{"start":{"line":421,"column":4},"end":{"line":421,"column":24}},"loc":{"start":{"line":421,"column":24},"end":{"line":424,"column":null}},"line":421},"23":{"name":"(anonymous_23)","decl":{"start":{"line":429,"column":4},"end":{"line":429,"column":29}},"loc":{"start":{"line":429,"column":29},"end":{"line":431,"column":null}},"line":429},"24":{"name":"(anonymous_24)","decl":{"start":{"line":436,"column":4},"end":{"line":436,"column":35}},"loc":{"start":{"line":436,"column":35},"end":{"line":438,"column":null}},"line":436},"25":{"name":"useErrorMonitor","decl":{"start":{"line":447,"column":16},"end":{"line":447,"column":32}},"loc":{"start":{"line":447,"column":56},"end":{"line":493,"column":null}},"line":447},"26":{"name":"(anonymous_26)","decl":{"start":{"line":448,"column":14},"end":{"line":448,"column":20}},"loc":{"start":{"line":448,"column":20},"end":{"line":462,"column":7}},"line":448},"27":{"name":"(anonymous_27)","decl":{"start":{"line":455,"column":19},"end":{"line":455,"column":25}},"loc":{"start":{"line":455,"column":25},"end":{"line":460,"column":null}},"line":455},"28":{"name":"(anonymous_28)","decl":{"start":{"line":464,"column":37},"end":{"line":464,"column":38}},"loc":{"start":{"line":464,"column":72},"end":{"line":469,"column":7}},"line":464},"29":{"name":"(anonymous_29)","decl":{"start":{"line":471,"column":41},"end":{"line":471,"column":42}},"loc":{"start":{"line":471,"column":79},"end":{"line":476,"column":7}},"line":471},"30":{"name":"(anonymous_30)","decl":{"start":{"line":478,"column":38},"end":{"line":478,"column":39}},"loc":{"start":{"line":478,"column":91},"end":{"line":484,"column":7}},"line":478},"31":{"name":"useErrorMonitorInit","decl":{"start":{"line":496,"column":16},"end":{"line":496,"column":36}},"loc":{"start":{"line":496,"column":77},"end":{"line":507,"column":null}},"line":496},"32":{"name":"(anonymous_32)","decl":{"start":{"line":497,"column":14},"end":{"line":497,"column":20}},"loc":{"start":{"line":497,"column":20},"end":{"line":506,"column":7}},"line":497},"33":{"name":"(anonymous_33)","decl":{"start":{"line":503,"column":15},"end":{"line":503,"column":21}},"loc":{"start":{"line":503,"column":21},"end":{"line":505,"column":null}},"line":503},"34":{"name":"withErrorCapture","decl":{"start":{"line":510,"column":16},"end":{"line":510,"column":null}},"loc":{"start":{"line":513,"column":5},"end":{"line":522,"column":null}},"line":513},"35":{"name":"(anonymous_35)","decl":{"start":{"line":514,"column":12},"end":{"line":514,"column":22}},"loc":{"start":{"line":514,"column":46},"end":{"line":521,"column":null}},"line":514}},"branchMap":{"0":{"loc":{"start":{"line":55,"column":12},"end":{"line":55,"column":null}},"type":"binary-expr","locations":[{"start":{"line":55,"column":12},"end":{"line":55,"column":null}},{"start":{"line":55,"column":12},"end":{"line":55,"column":null}}],"line":55},"1":{"loc":{"start":{"line":62,"column":12},"end":{"line":62,"column":null}},"type":"binary-expr","locations":[{"start":{"line":62,"column":12},"end":{"line":62,"column":null}},{"start":{"line":62,"column":12},"end":{"line":62,"column":null}}],"line":62},"2":{"loc":{"start":{"line":71,"column":12},"end":{"line":71,"column":null}},"type":"binary-expr","locations":[{"start":{"line":71,"column":12},"end":{"line":71,"column":null}},{"start":{"line":71,"column":12},"end":{"line":71,"column":null}}],"line":71},"3":{"loc":{"start":{"line":109,"column":16},"end":{"line":109,"column":61}},"type":"default-arg","locations":[{"start":{"line":109,"column":57},"end":{"line":109,"column":61}}],"line":109},"4":{"loc":{"start":{"line":117,"column":8},"end":{"line":117,"column":null}},"type":"if","locations":[{"start":{"line":117,"column":8},"end":{"line":117,"column":null}},{"start":{},"end":{}}],"line":117},"5":{"loc":{"start":{"line":117,"column":12},"end":{"line":117,"column":56}},"type":"binary-expr","locations":[{"start":{"line":117,"column":12},"end":{"line":117,"column":34}},{"start":{"line":117,"column":34},"end":{"line":117,"column":56}}],"line":117},"6":{"loc":{"start":{"line":119,"column":8},"end":{"line":128,"column":null}},"type":"if","locations":[{"start":{"line":119,"column":8},"end":{"line":128,"column":null}},{"start":{},"end":{}}],"line":119},"7":{"loc":{"start":{"line":120,"column":12},"end":{"line":123,"column":null}},"type":"if","locations":[{"start":{"line":120,"column":12},"end":{"line":123,"column":null}},{"start":{},"end":{}}],"line":120},"8":{"loc":{"start":{"line":125,"column":12},"end":{"line":127,"column":null}},"type":"if","locations":[{"start":{"line":125,"column":12},"end":{"line":127,"column":null}},{"start":{},"end":{}}],"line":125},"9":{"loc":{"start":{"line":138,"column":8},"end":{"line":141,"column":null}},"type":"if","locations":[{"start":{"line":138,"column":8},"end":{"line":141,"column":null}},{"start":{},"end":{}}],"line":138},"10":{"loc":{"start":{"line":149,"column":22},"end":{"line":149,"column":null}},"type":"binary-expr","locations":[{"start":{"line":149,"column":22},"end":{"line":149,"column":37}},{"start":{"line":149,"column":37},"end":{"line":149,"column":null}}],"line":149},"11":{"loc":{"start":{"line":162,"column":22},"end":{"line":164,"column":null}},"type":"cond-expr","locations":[{"start":{"line":163,"column":14},"end":{"line":163,"column":null}},{"start":{"line":164,"column":14},"end":{"line":164,"column":null}}],"line":162},"12":{"loc":{"start":{"line":208,"column":8},"end":{"line":210,"column":null}},"type":"if","locations":[{"start":{"line":208,"column":8},"end":{"line":210,"column":null}},{"start":{},"end":{}}],"line":208},"13":{"loc":{"start":{"line":214,"column":8},"end":{"line":218,"column":null}},"type":"if","locations":[{"start":{"line":214,"column":8},"end":{"line":218,"column":null}},{"start":{},"end":{}}],"line":214},"14":{"loc":{"start":{"line":214,"column":12},"end":{"line":214,"column":83}},"type":"binary-expr","locations":[{"start":{"line":214,"column":12},"end":{"line":214,"column":24}},{"start":{"line":214,"column":24},"end":{"line":214,"column":83}}],"line":214},"15":{"loc":{"start":{"line":232,"column":8},"end":{"line":232,"column":null}},"type":"if","locations":[{"start":{"line":232,"column":8},"end":{"line":232,"column":null}},{"start":{},"end":{}}],"line":232},"16":{"loc":{"start":{"line":236,"column":8},"end":{"line":238,"column":null}},"type":"if","locations":[{"start":{"line":236,"column":8},"end":{"line":238,"column":null}},{"start":{},"end":{}}],"line":236},"17":{"loc":{"start":{"line":241,"column":33},"end":{"line":241,"column":null}},"type":"binary-expr","locations":[{"start":{"line":241,"column":33},"end":{"line":241,"column":45}},{"start":{"line":241,"column":45},"end":{"line":241,"column":null}}],"line":241},"18":{"loc":{"start":{"line":262,"column":8},"end":{"line":265,"column":null}},"type":"if","locations":[{"start":{"line":262,"column":8},"end":{"line":265,"column":null}},{"start":{},"end":{}}],"line":262},"19":{"loc":{"start":{"line":264,"column":12},"end":{"line":264,"column":null}},"type":"if","locations":[{"start":{"line":264,"column":12},"end":{"line":264,"column":null}},{"start":{},"end":{}}],"line":264},"20":{"loc":{"start":{"line":272,"column":8},"end":{"line":275,"column":null}},"type":"if","locations":[{"start":{"line":272,"column":8},"end":{"line":275,"column":null}},{"start":{},"end":{}}],"line":272},"21":{"loc":{"start":{"line":327,"column":8},"end":{"line":327,"column":null}},"type":"default-arg","locations":[{"start":{"line":327,"column":33},"end":{"line":327,"column":null}}],"line":327},"22":{"loc":{"start":{"line":329,"column":8},"end":{"line":329,"column":null}},"type":"if","locations":[{"start":{"line":329,"column":8},"end":{"line":329,"column":null}},{"start":{},"end":{}}],"line":329},"23":{"loc":{"start":{"line":342,"column":8},"end":{"line":344,"column":null}},"type":"if","locations":[{"start":{"line":342,"column":8},"end":{"line":344,"column":null}},{"start":{},"end":{}}],"line":342},"24":{"loc":{"start":{"line":357,"column":20},"end":{"line":357,"column":null}},"type":"binary-expr","locations":[{"start":{"line":357,"column":20},"end":{"line":357,"column":42}},{"start":{"line":357,"column":42},"end":{"line":357,"column":null}}],"line":357},"25":{"loc":{"start":{"line":360,"column":8},"end":{"line":367,"column":null}},"type":"if","locations":[{"start":{"line":360,"column":8},"end":{"line":367,"column":null}},{"start":{},"end":{}}],"line":360},"26":{"loc":{"start":{"line":369,"column":8},"end":{"line":377,"column":null}},"type":"if","locations":[{"start":{"line":369,"column":8},"end":{"line":377,"column":null}},{"start":{},"end":{}}],"line":369},"27":{"loc":{"start":{"line":369,"column":12},"end":{"line":369,"column":75}},"type":"binary-expr","locations":[{"start":{"line":369,"column":12},"end":{"line":369,"column":50}},{"start":{"line":369,"column":50},"end":{"line":369,"column":75}}],"line":369},"28":{"loc":{"start":{"line":371,"column":12},"end":{"line":376,"column":null}},"type":"if","locations":[{"start":{"line":371,"column":12},"end":{"line":376,"column":null}},{"start":{},"end":{}}],"line":371},"29":{"loc":{"start":{"line":386,"column":8},"end":{"line":401,"column":null}},"type":"switch","locations":[{"start":{"line":387,"column":12},"end":{"line":388,"column":null}},{"start":{"line":389,"column":12},"end":{"line":390,"column":null}},{"start":{"line":391,"column":12},"end":{"line":392,"column":null}},{"start":{"line":393,"column":12},"end":{"line":394,"column":null}},{"start":{"line":395,"column":12},"end":{"line":396,"column":null}},{"start":{"line":397,"column":12},"end":{"line":398,"column":null}},{"start":{"line":399,"column":12},"end":{"line":400,"column":null}}],"line":386},"30":{"loc":{"start":{"line":449,"column":8},"end":{"line":461,"column":null}},"type":"if","locations":[{"start":{"line":449,"column":8},"end":{"line":461,"column":null}},{"start":{},"end":{}}],"line":449},"31":{"loc":{"start":{"line":498,"column":8},"end":{"line":500,"column":null}},"type":"if","locations":[{"start":{"line":498,"column":8},"end":{"line":500,"column":null}},{"start":{},"end":{}}],"line":498}},"s":{"0":1,"1":1,"2":1,"3":1,"4":1,"5":1,"6":1,"7":1,"8":1,"9":1,"10":1,"11":1,"12":1,"13":1,"14":1,"15":1,"16":1,"17":1,"18":1,"19":1,"20":1,"21":1,"22":1,"23":1,"24":1,"25":1,"26":0,"27":0,"28":1,"29":0,"30":0,"31":0,"32":0,"33":0,"34":0,"35":0,"36":0,"37":0,"38":0,"39":0,"40":0,"41":0,"42":0,"43":0,"44":0,"45":0,"46":0,"47":0,"48":0,"49":0,"50":0,"51":0,"52":25,"53":25,"54":25,"55":25,"56":266,"57":25,"58":0,"59":25,"60":25,"61":3,"62":3,"63":3,"64":22,"65":22,"66":25,"67":0,"68":25,"69":25,"70":3,"71":22,"72":22,"73":25,"74":25,"75":25,"76":0,"77":0,"78":0,"79":22,"80":22,"81":22,"82":0,"83":0,"84":22,"85":25,"86":25,"87":2,"88":2,"89":2,"90":33,"91":0,"92":33,"93":33,"94":33,"95":0,"96":22,"97":22,"98":22,"99":22,"100":22,"101":22,"102":22,"103":22,"104":22,"105":22,"106":22,"107":21,"108":0,"109":0,"110":0,"111":0,"112":0,"113":0,"114":21,"115":7,"116":11,"117":36,"118":36,"119":36,"120":8,"121":1,"122":0,"123":0,"124":0,"125":0,"126":0,"127":0,"128":0,"129":0,"130":0,"131":0,"132":0,"133":0,"134":0,"135":0,"136":0,"137":0,"138":0,"139":0,"140":4,"141":4,"142":4,"143":2,"144":2},"f":{"0":1,"1":1,"2":1,"3":1,"4":0,"5":0,"6":0,"7":0,"8":0,"9":0,"10":0,"11":25,"12":25,"13":266,"14":25,"15":2,"16":0,"17":33,"18":22,"19":21,"20":7,"21":11,"22":36,"23":36,"24":8,"25":0,"26":0,"27":0,"28":0,"29":0,"30":0,"31":0,"32":0,"33":0,"34":4,"35":4},"b":{"0":[1,1],"1":[1,1],"2":[1,1],"3":[1],"4":[0,0],"5":[0,0],"6":[0,0],"7":[0,0],"8":[0,0],"9":[0,0],"10":[0,0],"11":[0,0],"12":[0,25],"13":[3,22],"14":[25,3],"15":[0,25],"16":[3,22],"17":[22,21],"18":[0,25],"19":[0,0],"20":[0,22],"21":[33],"22":[0,33],"23":[0,33],"24":[22,22],"25":[22,0],"26":[22,0],"27":[22,22],"28":[22,0],"29":[0,0,0,0,0,0,21],"30":[0,0],"31":[0,0]},"meta":{"lastBranch":32,"lastFunction":36,"lastStatement":145,"seen":{"s:55:7:55:Infinity":0,"f:55:7:55:12":0,"s:56:4:56:Infinity":1,"s:57:4:57:Infinity":2,"s:58:4:58:Infinity":3,"s:59:4:59:Infinity":4,"s:55:12:55:Infinity":5,"b:55:12:55:Infinity:55:12:55:Infinity":0,"s:62:7:62:Infinity":6,"f:62:7:62:12":1,"s:63:4:63:Infinity":7,"s:64:4:64:Infinity":8,"s:65:4:65:Infinity":9,"s:66:4:66:Infinity":10,"s:67:4:67:Infinity":11,"s:68:4:68:Infinity":12,"s:62:12:62:Infinity":13,"b:62:12:62:Infinity:62:12:62:Infinity":1,"s:71:7:71:Infinity":14,"f:71:7:71:12":2,"s:72:4:72:Infinity":15,"s:73:4:73:Infinity":16,"s:74:4:74:Infinity":17,"s:75:4:75:Infinity":18,"s:71:12:71:Infinity":19,"b:71:12:71:Infinity:71:12:71:Infinity":2,"s:90:45:98:Infinity":20,"s:103:40:103:Infinity":21,"s:104:47:104:Infinity":22,"s:105:76:105:Infinity":23,"s:106:40:106:Infinity":24,"s:107:28:107:Infinity":25,"s:148:32:156:Infinity":26,"s:161:39:168:Infinity":27,"f:109:4:109:16":3,"b:109:57:109:61":3,"s:110:8:110:Infinity":28,"f:116:4:116:17":4,"b:117:8:117:Infinity:undefined:undefined:undefined:undefined":4,"s:117:8:117:Infinity":29,"b:117:12:117:34:117:34:117:56":5,"s:117:56:117:Infinity":30,"b:119:8:128:Infinity:undefined:undefined:undefined:undefined":6,"s:119:8:128:Infinity":31,"b:120:12:123:Infinity:undefined:undefined:undefined:undefined":7,"s:120:12:123:Infinity":32,"s:121:16:121:Infinity":33,"s:122:16:122:Infinity":34,"b:125:12:127:Infinity:undefined:undefined:undefined:undefined":8,"s:125:12:127:Infinity":35,"s:126:16:126:Infinity":36,"s:130:8:130:Infinity":37,"s:131:8:131:Infinity":38,"f:137:4:137:20":5,"b:138:8:141:Infinity:undefined:undefined:undefined:undefined":9,"s:138:8:141:Infinity":39,"s:139:12:139:Infinity":40,"s:140:12:140:Infinity":41,"s:142:8:142:Infinity":42,"f:148:32:148:33":6,"s:149:22:149:Infinity":43,"b:149:22:149:37:149:37:149:Infinity":10,"s:150:8:155:Infinity":44,"f:161:39:161:40":7,"s:162:22:164:Infinity":45,"b:163:14:163:Infinity:164:14:164:Infinity":11,"s:165:8:167:Infinity":46,"f:173:12:173:42":8,"s:174:30:174:Infinity":47,"s:175:8:183:Infinity":48,"f:175:24:175:28":9,"s:176:12:181:Infinity":49,"f:178:25:178:32":10,"s:178:32:178:43":50,"s:182:12:182:Infinity":51,"f:189:12:189:32":11,"s:190:22:195:Infinity":52,"s:197:8:197:Infinity":53,"f:203:12:203:26":12,"s:204:20:204:Infinity":54,"s:207:8:207:Infinity":55,"f:207:59:207:64":13,"s:207:64:207:79":56,"b:208:8:210:Infinity:undefined:undefined:undefined:undefined":12,"s:208:8:210:Infinity":57,"s:209:12:209:Infinity":58,"s:213:25:213:Infinity":59,"b:214:8:218:Infinity:undefined:undefined:undefined:undefined":13,"s:214:8:218:Infinity":60,"b:214:12:214:24:214:24:214:83":14,"s:215:12:215:Infinity":61,"s:216:12:216:Infinity":62,"s:217:12:217:Infinity":63,"s:220:8:220:Infinity":64,"s:221:8:221:Infinity":65,"f:227:4:227:Infinity":14,"b:232:8:232:Infinity:undefined:undefined:undefined:undefined":15,"s:232:8:232:Infinity":66,"s:232:34:232:Infinity":67,"s:234:28:234:Infinity":68,"b:236:8:238:Infinity:undefined:undefined:undefined:undefined":16,"s:236:8:238:Infinity":69,"s:237:12:237:Infinity":70,"s:240:14:240:Infinity":71,"s:241:33:241:Infinity":72,"b:241:33:241:45:241:45:241:Infinity":17,"s:242:32:242:Infinity":73,"s:244:36:259:Infinity":74,"b:262:8:265:Infinity:undefined:undefined:undefined:undefined":18,"s:262:8:265:Infinity":75,"s:263:30:263:Infinity":76,"b:264:12:264:Infinity:undefined:undefined:undefined:undefined":19,"s:264:12:264:Infinity":77,"s:264:28:264:Infinity":78,"s:268:8:268:Infinity":79,"s:269:8:269:Infinity":80,"b:272:8:275:Infinity:undefined:undefined:undefined:undefined":20,"s:272:8:275:Infinity":81,"s:273:27:273:Infinity":82,"s:274:12:274:Infinity":83,"s:278:8:287:Infinity":84,"s:290:8:295:Infinity":85,"s:297:8:297:Infinity":86,"f:303:4:303:Infinity":15,"s:308:22:308:Infinity":87,"s:309:8:309:Infinity":88,"s:310:8:310:Infinity":89,"f:316:4:316:15":16,"f:323:4:323:Infinity":17,"b:327:33:327:Infinity":21,"b:329:8:329:Infinity:undefined:undefined:undefined:undefined":22,"s:329:8:329:Infinity":90,"s:329:34:329:Infinity":91,"s:331:39:337:Infinity":92,"s:339:8:339:Infinity":93,"b:342:8:344:Infinity:undefined:undefined:undefined:undefined":23,"s:342:8:344:Infinity":94,"s:343:12:343:Infinity":95,"f:350:12:350:26":18,"s:351:28:351:Infinity":96,"s:353:39:358:Infinity":97,"b:357:20:357:42:357:42:357:Infinity":24,"b:360:8:367:Infinity:undefined:undefined:undefined:undefined":25,"s:360:8:367:Infinity":98,"s:361:12:361:Infinity":99,"s:362:12:362:Infinity":100,"s:363:12:366:Infinity":101,"b:369:8:377:Infinity:undefined:undefined:undefined:undefined":26,"s:369:8:377:Infinity":102,"b:369:12:369:50:369:50:369:75":27,"s:370:28:370:Infinity":103,"b:371:12:376:Infinity:undefined:undefined:undefined:undefined":28,"s:371:12:376:Infinity":104,"s:372:16:375:Infinity":105,"s:379:8:379:Infinity":106,"f:385:12:385:26":19,"b:387:12:388:Infinity:389:12:390:Infinity:391:12:392:Infinity:393:12:394:Infinity:395:12:396:Infinity:397:12:398:Infinity:399:12:400:Infinity":29,"s:386:8:401:Infinity":107,"s:388:16:388:Infinity":108,"s:390:16:390:Infinity":109,"s:392:16:392:Infinity":110,"s:394:16:394:Infinity":111,"s:396:16:396:Infinity":112,"s:398:16:398:Infinity":113,"s:400:16:400:Infinity":114,"f:407:4:407:31":20,"s:408:8:408:Infinity":115,"f:414:4:414:13":21,"s:415:8:415:Infinity":116,"f:421:4:421:24":22,"s:422:8:422:Infinity":117,"s:423:8:423:Infinity":118,"f:429:4:429:29":23,"s:430:8:430:Infinity":119,"f:436:4:436:35":24,"s:437:8:437:Infinity":120,"s:442:28:442:Infinity":121,"f:447:16:447:32":25,"s:448:4:462:Infinity":122,"f:448:14:448:20":26,"b:449:8:461:Infinity:undefined:undefined:undefined:undefined":30,"s:449:8:461:Infinity":123,"s:450:12:453:Infinity":124,"s:455:12:460:Infinity":125,"f:455:19:455:25":27,"s:456:16:459:Infinity":126,"s:464:10:469:Infinity":127,"f:464:37:464:38":28,"s:465:8:468:Infinity":128,"s:471:10:476:Infinity":129,"f:471:41:471:42":29,"s:472:8:475:Infinity":130,"s:478:10:484:Infinity":131,"f:478:38:478:39":30,"s:479:8:483:Infinity":132,"s:486:4:492:Infinity":133,"f:496:16:496:36":31,"s:497:4:506:Infinity":134,"f:497:14:497:20":32,"b:498:8:500:Infinity:undefined:undefined:undefined:undefined":31,"s:498:8:500:Infinity":135,"s:499:12:499:Infinity":136,"s:501:8:501:Infinity":137,"s:503:8:505:Infinity":138,"f:503:15:503:21":33,"s:504:12:504:Infinity":139,"f:510:16:510:Infinity":34,"s:514:4:521:Infinity":140,"f:514:12:514:22":35,"s:515:8:520:Infinity":141,"s:516:12:516:Infinity":142,"s:518:12:518:Infinity":143,"s:519:12:519:Infinity":144}}}
}
