TN:
SF:types.ts
FN:14,(anonymous_0)
FNF:1
FNH:1
FNDA:1,(anonymous_0)
DA:14,1
DA:15,1
DA:16,1
LF:3
LH:3
BRDA:14,0,0,1
BRDA:14,0,1,1
BRF:2
BRH:2
end_of_record
TN:
SF:src/core/errors.ts
FN:9,(anonymous_0)
FN:81,(anonymous_1)
FN:144,(anonymous_2)
FN:165,(anonymous_3)
FN:177,(anonymous_4)
FN:194,(anonymous_5)
FNF:6
FNH:6
FNDA:2,(anonymous_0)
FNDA:62,(anonymous_1)
FNDA:62,(anonymous_2)
FNDA:25,(anonymous_3)
FNDA:4,(anonymous_4)
FNDA:3,(anonymous_5)
DA:9,2
DA:11,2
DA:13,2
DA:15,2
DA:17,2
DA:19,2
DA:21,2
DA:23,2
DA:47,2
DA:81,2
DA:82,62
DA:83,62
DA:86,62
DA:92,1
DA:96,61
DA:97,3
DA:101,58
DA:108,5
DA:112,53
DA:118,3
DA:122,50
DA:123,2
DA:127,48
DA:134,2
DA:138,46
DA:144,2
DA:150,62
DA:152,62
DA:165,2
DA:166,25
DA:167,1
DA:170,24
DA:171,24
DA:177,2
DA:178,4
DA:179,2
DA:182,2
DA:204,3
DA:205,3
DA:206,3
DA:207,3
DA:208,3
DA:209,3
LF:43
LH:43
BRDA:9,0,0,2
BRDA:9,0,1,2
BRDA:86,1,0,1
BRDA:86,1,1,61
BRDA:87,2,0,62
BRDA:87,2,1,61
BRDA:87,2,2,61
BRDA:87,2,3,61
BRDA:87,2,4,0
BRDA:96,3,0,3
BRDA:96,3,1,58
BRDA:96,4,0,61
BRDA:96,4,1,59
BRDA:96,4,2,59
BRDA:96,4,3,2
BRDA:101,5,0,5
BRDA:101,5,1,53
BRDA:102,6,0,58
BRDA:102,6,1,54
BRDA:102,6,2,54
BRDA:102,6,3,54
BRDA:102,6,4,53
BRDA:102,6,5,0
BRDA:112,7,0,3
BRDA:112,7,1,50
BRDA:113,8,0,53
BRDA:113,8,1,50
BRDA:113,8,2,50
BRDA:113,8,3,50
BRDA:122,9,0,2
BRDA:122,9,1,48
BRDA:122,10,0,50
BRDA:122,10,1,49
BRDA:122,10,2,48
BRDA:127,11,0,2
BRDA:127,11,1,46
BRDA:128,12,0,48
BRDA:128,12,1,47
BRDA:128,12,2,47
BRDA:128,12,3,46
BRDA:128,12,4,46
BRDA:166,13,0,1
BRDA:166,13,1,24
BRDA:167,14,0,1
BRDA:167,14,1,0
BRDA:171,15,0,24
BRDA:171,15,1,0
BRDA:178,16,0,2
BRDA:178,16,1,2
BRDA:196,17,0,3
BRDA:197,18,0,3
BRDA:207,19,0,3
BRDA:207,19,1,2
BRDA:209,20,0,3
BRDA:209,20,1,2
BRF:55
BRH:51
end_of_record
TN:
SF:src/core/image-compression.ts
FN:54,compressImage
FN:99,compressBase64Image
FN:114,fileToBase64
FN:115,(anonymous_3)
FN:117,(anonymous_4)
FN:121,(anonymous_5)
FN:135,base64ToFile
FN:162,extractBase64Data
FN:177,getMimeType
FN:188,calculateBase64Size
FN:203,shouldCompress
FN:214,createThumbnail
FN:231,(anonymous_12)
FNF:13
FNH:9
FNDA:0,compressImage
FNDA:0,compressBase64Image
FNDA:2,fileToBase64
FNDA:2,(anonymous_3)
FNDA:2,(anonymous_4)
FNDA:0,(anonymous_5)
FNDA:2,base64ToFile
FNDA:14,extractBase64Data
FNDA:9,getMimeType
FNDA:8,calculateBase64Size
FNDA:6,shouldCompress
FNDA:0,createThumbnail
FNDA:3,(anonymous_12)
DA:39,2
DA:58,0
DA:59,0
DA:61,0
DA:63,0
DA:64,0
DA:72,0
DA:73,0
DA:75,0
DA:84,0
DA:104,0
DA:105,0
DA:115,2
DA:116,2
DA:117,2
DA:118,2
DA:119,2
DA:121,2
DA:122,0
DA:124,2
DA:137,2
DA:138,2
DA:140,1
DA:143,2
DA:144,2
DA:145,2
DA:146,2
DA:147,2
DA:149,0
DA:163,14
DA:164,14
DA:165,6
DA:168,8
DA:178,9
DA:179,9
DA:189,8
DA:192,8
DA:193,8
DA:204,6
DA:218,0
DA:232,3
DA:233,3
DA:234,3
DA:241,2
LF:44
LH:30
BRDA:56,0,0,0
BRDA:85,1,0,0
BRDA:85,1,1,0
BRDA:101,2,0,0
BRDA:102,3,0,0
BRDA:138,4,0,1
BRDA:138,4,1,1
BRDA:146,5,0,2
BRDA:146,5,1,0
BRDA:164,6,0,6
BRDA:164,6,1,8
BRDA:179,7,0,6
BRDA:179,7,1,3
BRDA:192,8,0,8
BRDA:192,8,1,4
BRDA:203,9,0,6
BRDA:216,10,0,0
BRF:17
BRH:10
end_of_record
TN:
SF:src/core/performance.ts
FN:59,generateSessionId
FN:69,onMetric
FN:71,(anonymous_2)
FN:87,recordMetric
FN:104,(anonymous_4)
FN:123,markStart
FN:136,markEnd
FN:171,measureAsync
FN:202,measureSync
FN:230,getPerformanceReport
FN:243,clearMetrics
FN:251,initWebVitals
FN:258,(anonymous_12)
FN:272,(anonymous_13)
FN:286,(anonymous_14)
FN:303,(anonymous_15)
FN:324,(anonymous_16)
FN:353,rateMetric
FN:371,getMemoryUsage
FN:402,formatBytes
FNF:20
FNH:13
FNDA:1,generateSessionId
FNDA:6,onMetric
FNDA:6,(anonymous_2)
FNDA:17,recordMetric
FNDA:5,(anonymous_4)
FNDA:1,markStart
FNDA:2,markEnd
FNDA:4,measureAsync
FNDA:3,measureSync
FNDA:14,getPerformanceReport
FNDA:29,clearMetrics
FNDA:0,initWebVitals
FNDA:0,(anonymous_12)
FNDA:0,(anonymous_13)
FNDA:0,(anonymous_14)
FNDA:0,(anonymous_15)
FNDA:0,(anonymous_16)
FNDA:21,rateMetric
FNDA:0,getMemoryUsage
FNDA:9,formatBytes
DA:44,1
DA:49,1
DA:54,1
DA:60,1
DA:70,6
DA:71,6
DA:72,6
DA:73,6
DA:74,6
DA:93,17
DA:101,17
DA:104,17
DA:105,5
DA:106,5
DA:108,1
DA:113,17
DA:114,0
DA:124,1
DA:125,1
DA:137,2
DA:138,2
DA:139,2
DA:141,2
DA:143,2
DA:144,2
DA:145,2
DA:147,2
DA:150,2
DA:151,2
DA:152,2
DA:154,2
DA:157,1
DA:160,0
DA:176,4
DA:178,4
DA:179,4
DA:180,2
DA:181,2
DA:182,2
DA:184,2
DA:185,2
DA:190,2
DA:207,3
DA:209,3
DA:210,3
DA:211,3
DA:212,3
DA:213,3
DA:215,1
DA:216,1
DA:221,1
DA:231,14
DA:244,29
DA:252,0
DA:255,0
DA:257,0
DA:258,0
DA:259,0
DA:260,0
DA:261,0
DA:265,0
DA:271,0
DA:272,0
DA:273,0
DA:274,0
DA:275,0
DA:276,0
DA:279,0
DA:285,0
DA:286,0
DA:287,0
DA:289,0
DA:290,0
DA:291,0
DA:295,0
DA:301,0
DA:302,0
DA:303,0
DA:304,0
DA:306,0
DA:310,0
DA:311,0
DA:312,0
DA:316,0
DA:323,0
DA:324,0
DA:325,0
DA:326,0
DA:327,0
DA:328,0
DA:337,1
DA:357,21
DA:358,21
DA:360,21
DA:361,12
DA:362,6
DA:376,0
DA:377,0
DA:385,0
DA:386,0
DA:393,0
DA:403,9
DA:405,8
DA:406,8
DA:407,8
DA:409,8
LF:106
LH:62
BRDA:73,0,0,6
BRDA:73,0,1,0
BRDA:90,1,0,17
BRDA:113,2,0,0
BRDA:113,2,1,17
BRDA:114,3,0,0
BRDA:114,3,1,0
BRDA:124,4,0,1
BRDA:124,4,1,0
BRDA:124,5,0,1
BRDA:124,5,1,1
BRDA:137,6,0,2
BRDA:137,6,1,0
BRDA:137,7,0,2
BRDA:137,7,1,2
BRDA:137,7,2,2
BRDA:188,8,0,2
BRDA:188,8,1,0
BRDA:219,9,0,1
BRDA:219,9,1,0
BRDA:234,10,0,14
BRDA:234,10,1,0
BRDA:235,11,0,14
BRDA:235,11,1,0
BRDA:252,12,0,0
BRDA:252,12,1,0
BRDA:255,13,0,0
BRDA:255,13,1,0
BRDA:260,14,0,0
BRDA:260,14,1,0
BRDA:275,15,0,0
BRDA:275,15,1,0
BRDA:290,16,0,0
BRDA:290,16,1,0
BRDA:310,17,0,0
BRDA:310,17,1,0
BRDA:310,18,0,0
BRDA:310,18,1,0
BRDA:323,19,0,0
BRDA:323,19,1,0
BRDA:323,20,0,0
BRDA:323,20,1,0
BRDA:327,21,0,0
BRDA:327,21,1,0
BRDA:358,22,0,0
BRDA:358,22,1,21
BRDA:360,23,0,9
BRDA:360,23,1,12
BRDA:361,24,0,6
BRDA:361,24,1,6
BRDA:376,25,0,0
BRDA:376,25,1,0
BRDA:385,26,0,0
BRDA:385,26,1,0
BRDA:403,27,0,1
BRDA:403,27,1,8
BRF:56
BRH:21
end_of_record
TN:
SF:src/core/retry.ts
FN:23,(anonymous_0)
FN:47,(anonymous_1)
FN:48,(anonymous_2)
FN:53,(anonymous_3)
FN:84,(anonymous_4)
FN:139,(anonymous_5)
FN:168,(anonymous_6)
FNF:7
FNH:7
FNDA:3,(anonymous_0)
FNDA:10,(anonymous_1)
FNDA:10,(anonymous_2)
FNDA:119,(anonymous_3)
FNDA:5,(anonymous_4)
FNDA:16,(anonymous_5)
FNDA:2,(anonymous_6)
DA:25,3
DA:26,3
DA:28,3
DA:29,3
DA:36,1
DA:47,1
DA:48,10
DA:53,1
DA:57,119
DA:59,119
DA:64,119
DA:67,119
DA:68,100
DA:69,100
DA:72,119
DA:84,1
DA:89,5
DA:90,5
DA:92,5
DA:94,5
DA:95,14
DA:96,14
DA:97,3
DA:99,11
DA:102,11
DA:103,1
DA:107,11
DA:108,2
DA:112,9
DA:113,9
DA:118,9
DA:122,2
DA:133,1
DA:139,1
DA:140,16
DA:143,16
DA:144,5
DA:148,11
DA:149,3
DA:153,8
DA:154,3
DA:158,5
DA:159,2
DA:162,3
DA:168,1
DA:173,2
DA:174,2
DA:176,2
DA:178,2
DA:179,3
DA:180,3
DA:182,2
DA:185,2
DA:186,1
DA:189,1
DA:190,0
DA:193,1
DA:194,1
DA:198,0
LF:59
LH:57
BRDA:57,0,0,119
BRDA:57,1,0,119
BRDA:59,2,0,16
BRDA:59,2,1,103
BRDA:67,3,0,100
BRDA:67,3,1,19
BRDA:86,4,0,5
BRDA:102,5,0,1
BRDA:102,5,1,10
BRDA:107,6,0,2
BRDA:107,6,1,9
BRDA:143,7,0,5
BRDA:143,7,1,11
BRDA:143,8,0,16
BRDA:143,8,1,14
BRDA:143,8,2,12
BRDA:148,9,0,3
BRDA:148,9,1,8
BRDA:148,10,0,11
BRDA:148,10,1,10
BRDA:148,10,2,9
BRDA:153,11,0,3
BRDA:153,11,1,5
BRDA:153,12,0,8
BRDA:153,12,1,7
BRDA:153,12,2,6
BRDA:153,12,3,5
BRDA:158,13,0,2
BRDA:158,13,1,3
BRDA:158,14,0,5
BRDA:158,14,1,4
BRDA:170,15,0,2
BRDA:171,16,0,2
BRDA:185,17,0,1
BRDA:185,17,1,1
BRDA:189,18,0,0
BRDA:189,18,1,1
BRF:37
BRH:36
end_of_record
TN:
SF:src/core/validation.ts
FN:10,(anonymous_0)
FN:22,(anonymous_1)
FN:52,(anonymous_2)
FN:65,(anonymous_3)
FN:81,(anonymous_4)
FN:96,(anonymous_5)
FN:108,(anonymous_6)
FN:120,(anonymous_7)
FN:136,(anonymous_8)
FN:147,(anonymous_9)
FN:148,(anonymous_10)
FN:160,(anonymous_11)
FN:172,(anonymous_12)
FNF:13
FNH:13
FNDA:6,(anonymous_0)
FNDA:9,(anonymous_1)
FNDA:8,(anonymous_2)
FNDA:4,(anonymous_3)
FNDA:8,(anonymous_4)
FNDA:6,(anonymous_5)
FNDA:4,(anonymous_6)
FNDA:5,(anonymous_7)
FNDA:7,(anonymous_8)
FNDA:101,(anonymous_9)
FNDA:3131,(anonymous_10)
FNDA:7,(anonymous_11)
FNDA:7,(anonymous_12)
DA:10,6
DA:11,6
DA:12,6
DA:22,2
DA:23,9
DA:24,1
DA:27,8
DA:28,2
DA:32,6
DA:40,6
DA:41,0
DA:44,6
DA:52,2
DA:53,8
DA:56,5
DA:57,5
DA:65,2
DA:66,4
DA:69,3
DA:70,3
DA:73,2
DA:81,2
DA:82,8
DA:96,2
DA:97,6
DA:99,5
DA:100,5
DA:108,2
DA:109,4
DA:111,4
DA:112,4
DA:120,2
DA:121,5
DA:123,4
DA:136,2
DA:137,7
DA:139,6
DA:140,6
DA:147,2
DA:148,101
DA:149,3131
DA:150,3131
DA:151,3131
DA:160,2
DA:161,7
DA:163,7
DA:164,7
DA:172,2
DA:173,7
DA:175,7
DA:176,7
DA:177,7
DA:179,2
LF:53
LH:52
BRDA:23,0,0,1
BRDA:23,0,1,8
BRDA:27,1,0,2
BRDA:27,1,1,6
BRDA:40,2,0,0
BRDA:40,2,1,6
BRDA:53,3,0,3
BRDA:53,3,1,5
BRDA:66,4,0,1
BRDA:66,4,1,3
BRDA:70,5,0,1
BRDA:70,5,1,2
BRDA:83,6,0,8
BRDA:83,6,1,7
BRDA:83,6,2,6
BRDA:83,6,3,5
BRDA:83,6,4,4
BRDA:97,7,0,1
BRDA:97,7,1,5
BRDA:100,8,0,5
BRDA:100,8,1,3
BRDA:109,9,0,0
BRDA:109,9,1,4
BRDA:112,10,0,4
BRDA:112,10,1,3
BRDA:121,11,0,1
BRDA:121,11,1,4
BRDA:137,12,0,1
BRDA:137,12,1,6
BRDA:150,13,0,3030
BRDA:150,13,1,101
BRDA:161,14,0,0
BRDA:161,14,1,7
BRDA:164,15,0,7
BRDA:164,15,1,3
BRDA:173,16,0,0
BRDA:173,16,1,7
BRF:37
BRH:33
end_of_record
TN:
SF:src/hooks/useDebounce.ts
FN:28,useDebounce
FN:31,(anonymous_1)
FN:32,(anonymous_2)
FN:36,(anonymous_3)
FN:65,useDebouncedCallback
FN:79,(anonymous_5)
FN:83,(anonymous_6)
FN:91,(anonymous_7)
FN:100,(anonymous_8)
FN:105,(anonymous_9)
FN:108,(anonymous_10)
FN:118,(anonymous_11)
FN:147,useDebouncedState
FN:175,useThrottledCallback
FN:188,(anonymous_14)
FN:192,(anonymous_15)
FN:201,(anonymous_16)
FN:215,(anonymous_17)
FN:230,(anonymous_18)
FNF:19
FNH:19
FNDA:18,useDebounce
FNDA:14,(anonymous_1)
FNDA:4,(anonymous_2)
FNDA:14,(anonymous_3)
FNDA:5,useDebouncedCallback
FNDA:5,(anonymous_5)
FNDA:13,(anonymous_6)
FNDA:1,(anonymous_7)
FNDA:3,(anonymous_8)
FNDA:7,(anonymous_9)
FNDA:3,(anonymous_10)
FNDA:5,(anonymous_11)
FNDA:6,useDebouncedState
FNDA:4,useThrottledCallback
FNDA:4,(anonymous_14)
FNDA:5,(anonymous_15)
FNDA:8,(anonymous_16)
FNDA:1,(anonymous_17)
FNDA:4,(anonymous_18)
DA:29,18
DA:31,18
DA:32,14
DA:33,4
DA:36,14
DA:37,14
DA:41,18
DA:74,5
DA:75,5
DA:76,5
DA:79,5
DA:80,5
DA:83,5
DA:84,13
DA:85,3
DA:86,3
DA:88,13
DA:91,5
DA:92,1
DA:93,1
DA:94,1
DA:95,1
DA:96,1
DA:100,5
DA:101,3
DA:104,5
DA:106,7
DA:107,7
DA:108,7
DA:109,3
DA:110,3
DA:111,3
DA:118,5
DA:119,5
DA:122,5
DA:151,6
DA:152,6
DA:154,6
DA:182,4
DA:183,4
DA:184,4
DA:185,4
DA:188,4
DA:189,4
DA:192,4
DA:193,5
DA:194,1
DA:195,1
DA:197,5
DA:200,4
DA:202,8
DA:203,8
DA:205,8
DA:207,5
DA:208,5
DA:211,3
DA:213,3
DA:215,2
DA:216,1
DA:217,1
DA:218,1
DA:219,1
DA:220,1
DA:230,4
DA:231,4
DA:234,4
LF:66
LH:66
BRDA:28,0,0,18
BRDA:67,1,0,5
BRDA:84,2,0,3
BRDA:84,2,1,10
BRDA:92,3,0,1
BRDA:92,3,1,0
BRDA:92,4,0,1
BRDA:92,4,1,1
BRDA:149,5,0,6
BRDA:177,6,0,4
BRDA:193,7,0,1
BRDA:193,7,1,4
BRDA:205,8,0,5
BRDA:205,8,1,3
BRDA:213,9,0,2
BRDA:213,9,1,1
BRDA:218,10,0,1
BRDA:218,10,1,0
BRF:18
BRH:16
end_of_record
TN:
SF:src/hooks/useNetworkStatus.ts
FN:75,useNetworkStatus
FN:82,(anonymous_1)
FN:112,(anonymous_2)
FN:117,(anonymous_3)
FN:133,(anonymous_4)
FN:137,(anonymous_5)
FN:146,(anonymous_6)
FN:151,(anonymous_7)
FN:152,(anonymous_8)
FN:156,(anonymous_9)
FN:157,(anonymous_10)
FN:165,(anonymous_11)
FN:167,(anonymous_12)
FN:182,(anonymous_13)
FN:201,useIsOnline
FN:206,(anonymous_15)
FN:207,(anonymous_16)
FN:208,(anonymous_17)
FN:213,(anonymous_18)
FNF:19
FNH:14
FNDA:15,useNetworkStatus
FNDA:11,(anonymous_1)
FNDA:11,(anonymous_2)
FNDA:0,(anonymous_3)
FNDA:11,(anonymous_4)
FNDA:9,(anonymous_5)
FNDA:11,(anonymous_6)
FNDA:0,(anonymous_7)
FNDA:0,(anonymous_8)
FNDA:2,(anonymous_9)
FNDA:2,(anonymous_10)
FNDA:0,(anonymous_11)
FNDA:0,(anonymous_12)
FNDA:11,(anonymous_13)
FNDA:6,useIsOnline
FNDA:4,(anonymous_15)
FNDA:1,(anonymous_16)
FNDA:1,(anonymous_17)
FNDA:4,(anonymous_18)
DA:41,1
DA:79,15
DA:82,15
DA:83,11
DA:84,11
DA:86,11
DA:87,9
DA:95,2
DA:96,2
DA:98,2
DA:99,1
DA:100,1
DA:101,1
DA:103,2
DA:112,15
DA:113,11
DA:115,0
DA:116,0
DA:117,0
DA:119,0
DA:125,0
DA:126,0
DA:128,0
DA:133,15
DA:134,11
DA:135,11
DA:137,11
DA:146,15
DA:148,11
DA:151,11
DA:152,0
DA:153,0
DA:156,11
DA:157,2
DA:165,11
DA:166,0
DA:167,0
DA:170,11
DA:171,11
DA:174,11
DA:175,11
DA:176,2
DA:180,11
DA:182,11
DA:183,11
DA:184,11
DA:185,11
DA:186,0
DA:188,11
DA:192,15
DA:202,6
DA:206,6
DA:207,4
DA:208,4
DA:210,4
DA:211,4
DA:213,4
DA:214,4
DA:215,4
DA:219,6
LF:60
LH:48
BRDA:42,0,0,1
BRDA:42,0,1,0
BRDA:77,1,0,15
BRDA:86,2,0,9
BRDA:86,2,1,2
BRDA:98,3,0,1
BRDA:98,3,1,1
BRDA:98,4,0,0
BRDA:98,4,1,1
BRDA:99,5,0,0
BRDA:99,5,1,1
BRDA:100,6,0,1
BRDA:100,6,1,0
BRDA:107,7,0,2
BRDA:107,7,1,0
BRDA:113,8,0,11
BRDA:113,8,1,0
BRDA:175,9,0,2
BRDA:175,9,1,9
BRDA:185,10,0,0
BRDA:185,10,1,11
BRDA:203,11,0,6
BRDA:203,11,1,0
BRF:23
BRH:15
end_of_record
TN:
SF:src/services/analytics.ts
FN:44,(anonymous_0)
FN:115,(anonymous_1)
FN:119,(anonymous_2)
FN:124,(anonymous_3)
FN:129,(anonymous_4)
FN:134,(anonymous_5)
FN:145,(anonymous_6)
FN:154,(anonymous_7)
FN:165,(anonymous_8)
FN:174,(anonymous_9)
FN:181,(anonymous_10)
FN:188,(anonymous_11)
FN:193,(anonymous_12)
FN:198,(anonymous_13)
FN:230,(anonymous_14)
FN:237,(anonymous_15)
FN:241,(anonymous_16)
FN:257,(anonymous_17)
FN:275,(anonymous_18)
FN:294,(anonymous_19)
FN:316,(anonymous_20)
FN:335,(anonymous_21)
FN:362,(anonymous_22)
FN:373,(anonymous_23)
FN:385,(anonymous_24)
FN:404,(anonymous_25)
FN:420,(anonymous_26)
FN:439,(anonymous_27)
FN:450,(anonymous_28)
FN:457,(anonymous_29)
FN:468,useAnalytics
FN:483,usePageTracking
FN:486,(anonymous_32)
FN:495,useComponentTiming
FN:498,(anonymous_34)
FN:501,(anonymous_35)
FN:511,useInteractionTracking
FN:512,(anonymous_37)
FN:519,(anonymous_38)
FN:526,(anonymous_39)
FNF:40
FNH:31
FNDA:1,(anonymous_0)
FNDA:6,(anonymous_1)
FNDA:17,(anonymous_2)
FNDA:4,(anonymous_3)
FNDA:3,(anonymous_4)
FNDA:2,(anonymous_5)
FNDA:31,(anonymous_6)
FNDA:28,(anonymous_7)
FNDA:28,(anonymous_8)
FNDA:4,(anonymous_9)
FNDA:3,(anonymous_10)
FNDA:3,(anonymous_11)
FNDA:3,(anonymous_12)
FNDA:1,(anonymous_13)
FNDA:1,(anonymous_14)
FNDA:2,(anonymous_15)
FNDA:1,(anonymous_16)
FNDA:17,(anonymous_17)
FNDA:15,(anonymous_18)
FNDA:15,(anonymous_19)
FNDA:3,(anonymous_20)
FNDA:2,(anonymous_21)
FNDA:1,(anonymous_22)
FNDA:1,(anonymous_23)
FNDA:4,(anonymous_24)
FNDA:5,(anonymous_25)
FNDA:1,(anonymous_26)
FNDA:3,(anonymous_27)
FNDA:1,(anonymous_28)
FNDA:1,(anonymous_29)
FNDA:1,useAnalytics
FNDA:0,usePageTracking
FNDA:0,(anonymous_32)
FNDA:0,useComponentTiming
FNDA:0,(anonymous_34)
FNDA:0,(anonymous_35)
FNDA:0,useInteractionTracking
FNDA:0,(anonymous_37)
FNDA:0,(anonymous_38)
FNDA:0,(anonymous_39)
DA:44,1
DA:45,1
DA:46,1
DA:47,1
DA:48,1
DA:49,1
DA:50,1
DA:51,1
DA:55,1
DA:116,6
DA:120,17
DA:121,16
DA:125,4
DA:126,4
DA:130,3
DA:131,3
DA:135,2
DA:136,2
DA:142,8
DA:143,8
DA:146,31
DA:147,31
DA:148,31
DA:150,0
DA:155,28
DA:157,28
DA:158,28
DA:161,0
DA:166,28
DA:167,28
DA:171,28
DA:175,4
DA:182,3
DA:189,3
DA:194,3
DA:199,1
DA:212,1
DA:225,1
DA:226,1
DA:231,1
DA:232,1
DA:233,1
DA:234,1
DA:238,2
DA:242,1
DA:244,1
DA:245,2
DA:247,1
DA:248,1
DA:250,1
DA:251,1
DA:258,17
DA:261,17
DA:262,17
DA:263,0
DA:268,17
DA:269,0
DA:272,17
DA:276,15
DA:295,15
DA:297,15
DA:302,15
DA:303,30
DA:304,30
DA:306,0
DA:307,0
DA:317,3
DA:319,3
DA:321,3
DA:322,6
DA:323,6
DA:325,0
DA:326,0
DA:336,2
DA:338,2
DA:345,2
DA:346,4
DA:347,4
DA:349,0
DA:350,0
DA:356,2
DA:363,1
DA:374,1
DA:386,4
DA:393,4
DA:405,5
DA:414,5
DA:421,1
DA:422,1
DA:423,1
DA:425,1
DA:426,2
DA:427,2
DA:429,0
DA:430,0
DA:440,3
DA:451,1
DA:458,1
DA:463,1
DA:469,1
DA:484,0
DA:486,0
DA:487,0
DA:488,0
DA:489,0
DA:496,0
DA:498,0
DA:499,0
DA:501,0
DA:502,0
DA:503,0
DA:512,0
DA:513,0
DA:519,0
DA:520,0
DA:526,0
DA:527,0
DA:533,0
LF:118
LH:88
BRDA:44,0,0,1
BRDA:44,0,1,1
BRDA:115,1,0,6
BRDA:120,2,0,1
BRDA:120,2,1,16
BRDA:125,3,0,0
BRDA:125,3,1,4
BRDA:130,4,0,0
BRDA:130,4,1,3
BRDA:135,5,0,0
BRDA:135,5,1,2
BRDA:148,6,0,5
BRDA:148,6,1,26
BRDA:169,7,0,28
BRDA:169,7,1,13
BRDA:217,8,0,0
BRDA:217,8,1,1
BRDA:230,9,0,1
BRDA:242,10,0,0
BRDA:242,10,1,1
BRDA:245,11,0,1
BRDA:245,11,1,1
BRDA:258,12,0,0
BRDA:258,12,1,17
BRDA:261,13,0,17
BRDA:261,13,1,0
BRDA:261,14,0,17
BRDA:261,14,1,17
BRDA:262,15,0,0
BRDA:262,15,1,17
BRDA:262,16,0,17
BRDA:262,16,1,17
BRDA:268,17,0,0
BRDA:268,17,1,17
BRDA:268,18,0,17
BRDA:268,18,1,0
BRDA:278,19,0,15
BRDA:278,19,1,15
BRDA:284,20,0,15
BRDA:284,20,1,0
BRDA:285,21,0,15
BRDA:285,21,1,0
BRDA:286,22,0,15
BRDA:286,22,1,0
BRDA:295,23,0,0
BRDA:295,23,1,15
BRDA:306,24,0,0
BRDA:306,24,1,0
BRDA:317,25,0,0
BRDA:317,25,1,3
BRDA:325,26,0,0
BRDA:325,26,1,0
BRDA:336,27,0,0
BRDA:336,27,1,2
BRDA:339,28,0,2
BRDA:339,28,1,1
BRDA:339,29,0,1
BRDA:339,29,1,0
BRDA:340,30,0,2
BRDA:340,30,1,1
BRDA:340,31,0,1
BRDA:340,31,1,0
BRDA:341,32,0,2
BRDA:341,32,1,0
BRDA:342,33,0,2
BRDA:342,33,1,0
BRDA:349,34,0,0
BRDA:349,34,1,0
BRDA:387,35,0,3
BRDA:387,35,1,1
BRDA:388,36,0,3
BRDA:388,36,1,1
BRDA:429,37,0,0
BRDA:429,37,1,0
BRDA:487,38,0,0
BRDA:487,38,1,0
BRF:76
BRH:46
end_of_record
TN:
SF:src/services/errorMonitoring.ts
FN:55,(anonymous_0)
FN:62,(anonymous_1)
FN:71,(anonymous_2)
FN:109,(anonymous_3)
FN:116,(anonymous_4)
FN:137,(anonymous_5)
FN:148,(anonymous_6)
FN:161,(anonymous_7)
FN:173,(anonymous_8)
FN:175,(anonymous_9)
FN:178,(anonymous_10)
FN:189,(anonymous_11)
FN:203,(anonymous_12)
FN:207,(anonymous_13)
FN:227,(anonymous_14)
FN:303,(anonymous_15)
FN:316,(anonymous_16)
FN:323,(anonymous_17)
FN:350,(anonymous_18)
FN:385,(anonymous_19)
FN:407,(anonymous_20)
FN:414,(anonymous_21)
FN:421,(anonymous_22)
FN:429,(anonymous_23)
FN:436,(anonymous_24)
FN:447,useErrorMonitor
FN:448,(anonymous_26)
FN:455,(anonymous_27)
FN:464,(anonymous_28)
FN:471,(anonymous_29)
FN:478,(anonymous_30)
FN:496,useErrorMonitorInit
FN:497,(anonymous_32)
FN:503,(anonymous_33)
FN:510,withErrorCapture
FN:514,(anonymous_35)
FNF:36
FNH:19
FNDA:1,(anonymous_0)
FNDA:1,(anonymous_1)
FNDA:1,(anonymous_2)
FNDA:1,(anonymous_3)
FNDA:0,(anonymous_4)
FNDA:0,(anonymous_5)
FNDA:0,(anonymous_6)
FNDA:0,(anonymous_7)
FNDA:0,(anonymous_8)
FNDA:0,(anonymous_9)
FNDA:0,(anonymous_10)
FNDA:25,(anonymous_11)
FNDA:25,(anonymous_12)
FNDA:266,(anonymous_13)
FNDA:25,(anonymous_14)
FNDA:2,(anonymous_15)
FNDA:0,(anonymous_16)
FNDA:33,(anonymous_17)
FNDA:22,(anonymous_18)
FNDA:21,(anonymous_19)
FNDA:7,(anonymous_20)
FNDA:11,(anonymous_21)
FNDA:36,(anonymous_22)
FNDA:36,(anonymous_23)
FNDA:8,(anonymous_24)
FNDA:0,useErrorMonitor
FNDA:0,(anonymous_26)
FNDA:0,(anonymous_27)
FNDA:0,(anonymous_28)
FNDA:0,(anonymous_29)
FNDA:0,(anonymous_30)
FNDA:0,useErrorMonitorInit
FNDA:0,(anonymous_32)
FNDA:0,(anonymous_33)
FNDA:4,withErrorCapture
FNDA:4,(anonymous_35)
DA:55,1
DA:56,1
DA:57,1
DA:58,1
DA:59,1
DA:62,1
DA:63,1
DA:64,1
DA:65,1
DA:66,1
DA:67,1
DA:68,1
DA:71,1
DA:72,1
DA:73,1
DA:74,1
DA:75,1
DA:90,1
DA:103,1
DA:104,1
DA:105,1
DA:106,1
DA:107,1
DA:110,1
DA:117,0
DA:119,0
DA:120,0
DA:121,0
DA:122,0
DA:125,0
DA:126,0
DA:130,0
DA:131,0
DA:138,0
DA:139,0
DA:140,0
DA:142,0
DA:148,0
DA:149,0
DA:150,0
DA:161,0
DA:162,0
DA:165,0
DA:174,0
DA:175,0
DA:176,0
DA:178,0
DA:182,0
DA:190,25
DA:197,25
DA:204,25
DA:207,266
DA:208,25
DA:209,0
DA:213,25
DA:214,25
DA:215,3
DA:216,3
DA:217,3
DA:220,22
DA:221,22
DA:232,25
DA:234,25
DA:236,25
DA:237,3
DA:240,22
DA:241,22
DA:242,25
DA:244,25
DA:262,25
DA:263,0
DA:264,0
DA:268,22
DA:269,22
DA:272,22
DA:273,0
DA:274,0
DA:278,22
DA:290,25
DA:297,25
DA:308,2
DA:309,2
DA:310,2
DA:329,33
DA:331,33
DA:339,33
DA:342,33
DA:343,0
DA:351,22
DA:353,22
DA:360,22
DA:361,22
DA:362,22
DA:363,22
DA:369,22
DA:370,22
DA:371,22
DA:372,22
DA:379,22
DA:386,21
DA:388,0
DA:390,0
DA:392,0
DA:394,0
DA:396,0
DA:398,0
DA:400,21
DA:408,7
DA:415,11
DA:422,36
DA:423,36
DA:430,36
DA:437,8
DA:442,1
DA:448,0
DA:449,0
DA:450,0
DA:455,0
DA:456,0
DA:464,0
DA:465,0
DA:471,0
DA:472,0
DA:478,0
DA:479,0
DA:486,0
DA:497,0
DA:498,0
DA:499,0
DA:501,0
DA:503,0
DA:504,0
DA:514,4
DA:515,4
DA:516,4
DA:518,2
DA:519,2
LF:137
LH:83
BRDA:55,0,0,1
BRDA:55,0,1,1
BRDA:62,1,0,1
BRDA:62,1,1,1
BRDA:71,2,0,1
BRDA:71,2,1,1
BRDA:109,3,0,1
BRDA:117,4,0,0
BRDA:117,4,1,0
BRDA:117,5,0,0
BRDA:117,5,1,0
BRDA:119,6,0,0
BRDA:119,6,1,0
BRDA:120,7,0,0
BRDA:120,7,1,0
BRDA:125,8,0,0
BRDA:125,8,1,0
BRDA:138,9,0,0
BRDA:138,9,1,0
BRDA:149,10,0,0
BRDA:149,10,1,0
BRDA:162,11,0,0
BRDA:162,11,1,0
BRDA:208,12,0,0
BRDA:208,12,1,25
BRDA:214,13,0,3
BRDA:214,13,1,22
BRDA:214,14,0,25
BRDA:214,14,1,3
BRDA:232,15,0,0
BRDA:232,15,1,25
BRDA:236,16,0,3
BRDA:236,16,1,22
BRDA:241,17,0,22
BRDA:241,17,1,21
BRDA:262,18,0,0
BRDA:262,18,1,25
BRDA:264,19,0,0
BRDA:264,19,1,0
BRDA:272,20,0,0
BRDA:272,20,1,22
BRDA:327,21,0,33
BRDA:329,22,0,0
BRDA:329,22,1,33
BRDA:342,23,0,0
BRDA:342,23,1,33
BRDA:357,24,0,22
BRDA:357,24,1,22
BRDA:360,25,0,22
BRDA:360,25,1,0
BRDA:369,26,0,22
BRDA:369,26,1,0
BRDA:369,27,0,22
BRDA:369,27,1,22
BRDA:371,28,0,22
BRDA:371,28,1,0
BRDA:386,29,0,0
BRDA:386,29,1,0
BRDA:386,29,2,0
BRDA:386,29,3,0
BRDA:386,29,4,0
BRDA:386,29,5,0
BRDA:386,29,6,21
BRDA:449,30,0,0
BRDA:449,30,1,0
BRDA:498,31,0,0
BRDA:498,31,1,0
BRF:67
BRH:30
end_of_record
